{"/Users/minhbohung111/workspace/projects/staffEvaluation/staffEvaluation-api/src/app.module.ts": {"path":"/Users/minhbohung111/workspace/projects/staffEvaluation/staffEvaluation-api/src/app.module.ts","statementMap":{"0":{"start":{"line":1,"column":0},"end":{"line":1,"column":40}},"1":{"start":{"line":2,"column":0},"end":{"line":2,"column":46}},"2":{"start":{"line":3,"column":0},"end":{"line":3,"column":52}},"3":{"start":{"line":4,"column":0},"end":{"line":4,"column":54}},"4":{"start":{"line":5,"column":0},"end":{"line":5,"column":48}},"5":{"start":{"line":6,"column":0},"end":{"line":6,"column":51}},"6":{"start":{"line":7,"column":0},"end":{"line":7,"column":54}},"7":{"start":{"line":8,"column":0},"end":{"line":8,"column":63}},"8":{"start":{"line":9,"column":0},"end":{"line":9,"column":69}},"9":{"start":{"line":10,"column":0},"end":{"line":10,"column":89}},"10":{"start":{"line":11,"column":0},"end":{"line":11,"column":51}},"11":{"start":{"line":47,"column":7},"end":{"line":47,"column":null}},"12":{"start":{"line":47,"column":13},"end":{"line":47,"column":22}},"13":{"start":{"line":47,"column":13},"end":{"line":47,"column":null}}},"fnMap":{},"branchMap":{},"s":{"0":0,"1":0,"2":0,"3":0,"4":0,"5":0,"6":0,"7":0,"8":0,"9":0,"10":0,"11":0,"12":0,"13":0},"f":{},"b":{}}
,"/Users/minhbohung111/workspace/projects/staffEvaluation/staffEvaluation-api/src/main.ts": {"path":"/Users/minhbohung111/workspace/projects/staffEvaluation/staffEvaluation-api/src/main.ts","statementMap":{"0":{"start":{"line":1,"column":0},"end":{"line":1,"column":43}},"1":{"start":{"line":2,"column":0},"end":{"line":2,"column":48}},"2":{"start":{"line":3,"column":0},"end":{"line":3,"column":65}},"3":{"start":{"line":4,"column":0},"end":{"line":4,"column":41}},"4":{"start":{"line":7,"column":14},"end":{"line":7,"column":49}},"5":{"start":{"line":10,"column":22},"end":{"line":12,"column":81}},"6":{"start":{"line":11,"column":58},"end":{"line":11,"column":71}},"7":{"start":{"line":14,"column":2},"end":{"line":17,"column":5}},"8":{"start":{"line":20,"column":2},"end":{"line":28,"column":4}},"9":{"start":{"line":31,"column":17},"end":{"line":36,"column":12}},"10":{"start":{"line":38,"column":19},"end":{"line":38,"column":60}},"11":{"start":{"line":39,"column":2},"end":{"line":39,"column":44}},"12":{"start":{"line":41,"column":15},"end":{"line":41,"column":39}},"13":{"start":{"line":42,"column":2},"end":{"line":42,"column":25}},"14":{"start":{"line":43,"column":2},"end":{"line":43,"column":69}},"15":{"start":{"line":44,"column":2},"end":{"line":44,"column":73}},"16":{"start":{"line":46,"column":0},"end":{"line":46,"column":12}}},"fnMap":{"0":{"name":"bootstrap","decl":{"start":{"line":6,"column":15},"end":{"line":6,"column":24}},"loc":{"start":{"line":6,"column":24},"end":{"line":45,"column":1}}},"1":{"name":"(anonymous_1)","decl":{"start":{"line":11,"column":46},"end":{"line":11,"column":47}},"loc":{"start":{"line":11,"column":58},"end":{"line":11,"column":71}}}},"branchMap":{"0":{"loc":{"start":{"line":10,"column":22},"end":{"line":12,"column":81}},"type":"cond-expr","locations":[{"start":{"line":11,"column":6},"end":{"line":11,"column":72}},{"start":{"line":12,"column":6},"end":{"line":12,"column":81}}]},"1":{"loc":{"start":{"line":41,"column":15},"end":{"line":41,"column":39}},"type":"binary-expr","locations":[{"start":{"line":41,"column":15},"end":{"line":41,"column":31}},{"start":{"line":41,"column":35},"end":{"line":41,"column":39}}]}},"s":{"0":0,"1":0,"2":0,"3":0,"4":0,"5":0,"6":0,"7":0,"8":0,"9":0,"10":0,"11":0,"12":0,"13":0,"14":0,"15":0,"16":0},"f":{"0":0,"1":0},"b":{"0":[0,0],"1":[0,0]}}
,"/Users/minhbohung111/workspace/projects/staffEvaluation/staffEvaluation-api/src/auth/auth.controller.ts": {"path":"/Users/minhbohung111/workspace/projects/staffEvaluation/staffEvaluation-api/src/auth/auth.controller.ts","statementMap":{"0":{"start":{"line":1,"column":0},"end":{"line":1,"column":72}},"1":{"start":{"line":2,"column":0},"end":{"line":2,"column":61}},"2":{"start":{"line":3,"column":0},"end":{"line":3,"column":45}},"3":{"start":{"line":4,"column":0},"end":{"line":4,"column":43}},"4":{"start":{"line":5,"column":0},"end":{"line":5,"column":49}},"5":{"start":{"line":6,"column":0},"end":{"line":6,"column":63}},"6":{"start":{"line":7,"column":0},"end":{"line":7,"column":74}},"7":{"start":{"line":11,"column":7},"end":{"line":39,"column":null}},"8":{"start":{"line":12,"column":22},"end":{"line":12,"column":35}},"9":{"start":{"line":18,"column":4},"end":{"line":18,"column":42}},"10":{"start":{"line":25,"column":4},"end":{"line":25,"column":39}},"11":{"start":{"line":31,"column":4},"end":{"line":31,"column":43}},"12":{"start":{"line":37,"column":4},"end":{"line":37,"column":50}},"13":{"start":{"line":11,"column":13},"end":{"line":11,"column":27}},"14":{"start":{"line":17,"column":2},"end":{"line":19,"column":null}},"15":{"start":{"line":24,"column":2},"end":{"line":26,"column":null}},"16":{"start":{"line":30,"column":2},"end":{"line":32,"column":null}},"17":{"start":{"line":36,"column":2},"end":{"line":38,"column":null}},"18":{"start":{"line":11,"column":13},"end":{"line":39,"column":null}}},"fnMap":{"0":{"name":"(anonymous_4)","decl":{"start":{"line":12,"column":2},"end":{"line":12,"column":22}},"loc":{"start":{"line":12,"column":46},"end":{"line":12,"column":50}}},"1":{"name":"(anonymous_5)","decl":{"start":{"line":17,"column":2},"end":{"line":17,"column":10}},"loc":{"start":{"line":17,"column":35},"end":{"line":19,"column":3}}},"2":{"name":"(anonymous_6)","decl":{"start":{"line":24,"column":2},"end":{"line":24,"column":7}},"loc":{"start":{"line":24,"column":29},"end":{"line":26,"column":3}}},"3":{"name":"(anonymous_7)","decl":{"start":{"line":30,"column":2},"end":{"line":30,"column":7}},"loc":{"start":{"line":30,"column":56},"end":{"line":32,"column":3}}},"4":{"name":"(anonymous_8)","decl":{"start":{"line":36,"column":2},"end":{"line":36,"column":9}},"loc":{"start":{"line":36,"column":58},"end":{"line":38,"column":3}}}},"branchMap":{"0":{"loc":{"start":{"line":17,"column":24},"end":{"line":17,"column":null}},"type":"cond-expr","locations":[{"start":{"line":17,"column":35},"end":{"line":17,"column":null}},{"start":{"line":17,"column":35},"end":{"line":17,"column":null}}]},"1":{"loc":{"start":{"line":17,"column":24},"end":{"line":17,"column":35}},"type":"binary-expr","locations":[{"start":{"line":17,"column":24},"end":{"line":17,"column":null}},{"start":{"line":17,"column":24},"end":{"line":17,"column":35}}]},"2":{"loc":{"start":{"line":24,"column":21},"end":{"line":24,"column":null}},"type":"cond-expr","locations":[{"start":{"line":24,"column":29},"end":{"line":24,"column":null}},{"start":{"line":24,"column":29},"end":{"line":24,"column":null}}]},"3":{"loc":{"start":{"line":24,"column":21},"end":{"line":24,"column":29}},"type":"binary-expr","locations":[{"start":{"line":24,"column":21},"end":{"line":24,"column":null}},{"start":{"line":24,"column":21},"end":{"line":24,"column":29}}]},"4":{"loc":{"start":{"line":12,"column":35},"end":{"line":12,"column":49}},"type":"cond-expr","locations":[{"start":{"line":12,"column":46},"end":{"line":12,"column":49}},{"start":{"line":12,"column":46},"end":{"line":12,"column":49}}]},"5":{"loc":{"start":{"line":12,"column":35},"end":{"line":12,"column":46}},"type":"binary-expr","locations":[{"start":{"line":12,"column":35},"end":{"line":12,"column":49}},{"start":{"line":12,"column":35},"end":{"line":12,"column":46}}]}},"s":{"0":1,"1":1,"2":1,"3":1,"4":1,"5":1,"6":1,"7":1,"8":8,"9":1,"10":2,"11":2,"12":2,"13":1,"14":1,"15":1,"16":1,"17":1,"18":1},"f":{"0":8,"1":1,"2":2,"3":2,"4":2},"b":{"0":[1,0],"1":[1,1],"2":[1,0],"3":[1,1],"4":[1,0],"5":[1,1]}}
,"/Users/minhbohung111/workspace/projects/staffEvaluation/staffEvaluation-api/src/auth/auth.module.ts": {"path":"/Users/minhbohung111/workspace/projects/staffEvaluation/staffEvaluation-api/src/auth/auth.module.ts","statementMap":{"0":{"start":{"line":1,"column":0},"end":{"line":1,"column":40}},"1":{"start":{"line":2,"column":0},"end":{"line":2,"column":40}},"2":{"start":{"line":3,"column":0},"end":{"line":3,"column":50}},"3":{"start":{"line":4,"column":0},"end":{"line":4,"column":61}},"4":{"start":{"line":5,"column":0},"end":{"line":5,"column":45}},"5":{"start":{"line":6,"column":0},"end":{"line":6,"column":51}},"6":{"start":{"line":7,"column":0},"end":{"line":7,"column":56}},"7":{"start":{"line":27,"column":7},"end":{"line":27,"column":null}},"8":{"start":{"line":27,"column":13},"end":{"line":27,"column":23}},"9":{"start":{"line":27,"column":13},"end":{"line":27,"column":null}},"10":{"start":{"line":14,"column":53},"end":{"line":19,"column":8}}},"fnMap":{"0":{"name":"(anonymous_1)","decl":{"start":{"line":14,"column":18},"end":{"line":14,"column":19}},"loc":{"start":{"line":14,"column":53},"end":{"line":19,"column":8}}}},"branchMap":{"0":{"loc":{"start":{"line":15,"column":16},"end":{"line":15,"column":75}},"type":"binary-expr","locations":[{"start":{"line":15,"column":16},"end":{"line":15,"column":55}},{"start":{"line":15,"column":59},"end":{"line":15,"column":75}}]}},"s":{"0":0,"1":0,"2":0,"3":0,"4":0,"5":0,"6":0,"7":0,"8":0,"9":0,"10":0},"f":{"0":0},"b":{"0":[0,0]}}
,"/Users/minhbohung111/workspace/projects/staffEvaluation/staffEvaluation-api/src/auth/auth.service.ts": {"path":"/Users/minhbohung111/workspace/projects/staffEvaluation/staffEvaluation-api/src/auth/auth.service.ts","statementMap":{"0":{"start":{"line":1,"column":0},"end":{"line":1,"column":null}},"1":{"start":{"line":6,"column":0},"end":{"line":6,"column":41}},"2":{"start":{"line":7,"column":0},"end":{"line":7,"column":33}},"3":{"start":{"line":8,"column":0},"end":{"line":8,"column":57}},"4":{"start":{"line":19,"column":7},"end":{"line":134,"column":null}},"5":{"start":{"line":21,"column":12},"end":{"line":21,"column":20}},"6":{"start":{"line":22,"column":12},"end":{"line":22,"column":24}},"7":{"start":{"line":26,"column":19},"end":{"line":28,"column":6}},"8":{"start":{"line":30,"column":4},"end":{"line":32,"column":5}},"9":{"start":{"line":31,"column":6},"end":{"line":31,"column":62}},"10":{"start":{"line":34,"column":25},"end":{"line":34,"column":60}},"11":{"start":{"line":36,"column":17},"end":{"line":51,"column":6}},"12":{"start":{"line":53,"column":4},"end":{"line":53,"column":44}},"13":{"start":{"line":57,"column":17},"end":{"line":63,"column":6}},"14":{"start":{"line":65,"column":4},"end":{"line":67,"column":5}},"15":{"start":{"line":66,"column":6},"end":{"line":66,"column":61}},"16":{"start":{"line":69,"column":18},"end":{"line":69,"column":71}},"17":{"start":{"line":70,"column":4},"end":{"line":72,"column":5}},"18":{"start":{"line":71,"column":6},"end":{"line":71,"column":61}},"19":{"start":{"line":74,"column":4},"end":{"line":74,"column":44}},"20":{"start":{"line":78,"column":17},"end":{"line":84,"column":6}},"21":{"start":{"line":86,"column":4},"end":{"line":88,"column":5}},"22":{"start":{"line":87,"column":6},"end":{"line":87,"column":40}},"23":{"start":{"line":90,"column":4},"end":{"line":90,"column":44}},"24":{"start":{"line":94,"column":17},"end":{"line":100,"column":6}},"25":{"start":{"line":102,"column":4},"end":{"line":104,"column":5}},"26":{"start":{"line":103,"column":6},"end":{"line":103,"column":40}},"27":{"start":{"line":106,"column":4},"end":{"line":112,"column":6}},"28":{"start":{"line":110,"column":35},"end":{"line":110,"column":41}},"29":{"start":{"line":111,"column":38},"end":{"line":111,"column":56}},"30":{"start":{"line":116,"column":20},"end":{"line":121,"column":6}},"31":{"start":{"line":120,"column":35},"end":{"line":120,"column":41}},"32":{"start":{"line":123,"column":4},"end":{"line":132,"column":6}},"33":{"start":{"line":129,"column":37},"end":{"line":129,"column":43}},"34":{"start":{"line":130,"column":40},"end":{"line":130,"column":58}},"35":{"start":{"line":19,"column":13},"end":{"line":19,"column":24}},"36":{"start":{"line":19,"column":13},"end":{"line":134,"column":null}}},"fnMap":{"0":{"name":"(anonymous_11)","decl":{"start":{"line":20,"column":2},"end":{"line":20,"column":null}},"loc":{"start":{"line":22,"column":34},"end":{"line":23,"column":6}}},"1":{"name":"(anonymous_12)","decl":{"start":{"line":25,"column":2},"end":{"line":25,"column":7}},"loc":{"start":{"line":25,"column":33},"end":{"line":54,"column":3}}},"2":{"name":"(anonymous_13)","decl":{"start":{"line":56,"column":2},"end":{"line":56,"column":7}},"loc":{"start":{"line":56,"column":27},"end":{"line":75,"column":3}}},"3":{"name":"(anonymous_14)","decl":{"start":{"line":77,"column":2},"end":{"line":77,"column":7}},"loc":{"start":{"line":77,"column":35},"end":{"line":91,"column":3}}},"4":{"name":"(anonymous_15)","decl":{"start":{"line":93,"column":2},"end":{"line":93,"column":7}},"loc":{"start":{"line":93,"column":28},"end":{"line":113,"column":3}}},"5":{"name":"(anonymous_16)","decl":{"start":{"line":110,"column":28},"end":{"line":110,"column":29}},"loc":{"start":{"line":110,"column":35},"end":{"line":110,"column":41}}},"6":{"name":"(anonymous_17)","decl":{"start":{"line":111,"column":31},"end":{"line":111,"column":32}},"loc":{"start":{"line":111,"column":38},"end":{"line":111,"column":56}}},"7":{"name":"(anonymous_18)","decl":{"start":{"line":115,"column":10},"end":{"line":115,"column":31}},"loc":{"start":{"line":115,"column":55},"end":{"line":133,"column":3}}},"8":{"name":"(anonymous_19)","decl":{"start":{"line":120,"column":28},"end":{"line":120,"column":29}},"loc":{"start":{"line":120,"column":35},"end":{"line":120,"column":41}}},"9":{"name":"(anonymous_20)","decl":{"start":{"line":129,"column":30},"end":{"line":129,"column":31}},"loc":{"start":{"line":129,"column":37},"end":{"line":129,"column":43}}},"10":{"name":"(anonymous_21)","decl":{"start":{"line":130,"column":33},"end":{"line":130,"column":34}},"loc":{"start":{"line":130,"column":40},"end":{"line":130,"column":58}}}},"branchMap":{"0":{"loc":{"start":{"line":30,"column":4},"end":{"line":32,"column":5}},"type":"if","locations":[{"start":{"line":30,"column":4},"end":{"line":32,"column":5}},{"start":{},"end":{}}]},"1":{"loc":{"start":{"line":65,"column":4},"end":{"line":67,"column":5}},"type":"if","locations":[{"start":{"line":65,"column":4},"end":{"line":67,"column":5}},{"start":{},"end":{}}]},"2":{"loc":{"start":{"line":70,"column":4},"end":{"line":72,"column":5}},"type":"if","locations":[{"start":{"line":70,"column":4},"end":{"line":72,"column":5}},{"start":{},"end":{}}]},"3":{"loc":{"start":{"line":86,"column":4},"end":{"line":88,"column":5}},"type":"if","locations":[{"start":{"line":86,"column":4},"end":{"line":88,"column":5}},{"start":{},"end":{}}]},"4":{"loc":{"start":{"line":102,"column":4},"end":{"line":104,"column":5}},"type":"if","locations":[{"start":{"line":102,"column":4},"end":{"line":104,"column":5}},{"start":{},"end":{}}]},"5":{"loc":{"start":{"line":109,"column":15},"end":{"line":109,"column":44}},"type":"binary-expr","locations":[{"start":{"line":109,"column":15},"end":{"line":109,"column":36}},{"start":{"line":109,"column":40},"end":{"line":109,"column":44}}]},"6":{"loc":{"start":{"line":119,"column":15},"end":{"line":119,"column":44}},"type":"binary-expr","locations":[{"start":{"line":119,"column":15},"end":{"line":119,"column":36}},{"start":{"line":119,"column":40},"end":{"line":119,"column":44}}]},"7":{"loc":{"start":{"line":128,"column":17},"end":{"line":128,"column":46}},"type":"binary-expr","locations":[{"start":{"line":128,"column":17},"end":{"line":128,"column":38}},{"start":{"line":128,"column":42},"end":{"line":128,"column":46}}]},"8":{"loc":{"start":{"line":21,"column":20},"end":{"line":21,"column":null}},"type":"cond-expr","locations":[{"start":{"line":21,"column":33},"end":{"line":21,"column":null}},{"start":{"line":21,"column":33},"end":{"line":21,"column":null}}]},"9":{"loc":{"start":{"line":21,"column":20},"end":{"line":21,"column":33}},"type":"binary-expr","locations":[{"start":{"line":21,"column":20},"end":{"line":21,"column":null}},{"start":{"line":21,"column":20},"end":{"line":21,"column":33}}]},"10":{"loc":{"start":{"line":21,"column":33},"end":{"line":22,"column":null}},"type":"cond-expr","locations":[{"start":{"line":22,"column":34},"end":{"line":22,"column":null}},{"start":{"line":22,"column":34},"end":{"line":22,"column":null}}]},"11":{"loc":{"start":{"line":21,"column":33},"end":{"line":22,"column":34}},"type":"binary-expr","locations":[{"start":{"line":21,"column":33},"end":{"line":22,"column":null}},{"start":{"line":22,"column":24},"end":{"line":22,"column":34}}]}},"s":{"0":2,"1":2,"2":2,"3":2,"4":2,"5":12,"6":12,"7":3,"8":3,"9":2,"10":1,"11":1,"12":1,"13":5,"14":5,"15":2,"16":3,"17":3,"18":2,"19":1,"20":2,"21":2,"22":1,"23":1,"24":4,"25":4,"26":1,"27":3,"28":4,"29":3,"30":3,"31":3,"32":3,"33":3,"34":3,"35":2,"36":2},"f":{"0":12,"1":3,"2":5,"3":2,"4":4,"5":4,"6":3,"7":3,"8":3,"9":3,"10":3},"b":{"0":[2,1],"1":[2,3],"2":[2,1],"3":[1,1],"4":[1,3],"5":[3,1],"6":[3,1],"7":[3,1],"8":[2,0],"9":[2,2],"10":[2,0],"11":[2,2]}}
,"/Users/minhbohung111/workspace/projects/staffEvaluation/staffEvaluation-api/src/auth/dto/login.dto.ts": {"path":"/Users/minhbohung111/workspace/projects/staffEvaluation/staffEvaluation-api/src/auth/dto/login.dto.ts","statementMap":{"0":{"start":{"line":1,"column":0},"end":{"line":1,"column":63}},"1":{"start":{"line":3,"column":0},"end":{"line":3,"column":13}},"2":{"start":{"line":5,"column":2},"end":{"line":5,"column":null}},"3":{"start":{"line":9,"column":2},"end":{"line":9,"column":null}}},"fnMap":{},"branchMap":{},"s":{"0":1,"1":1,"2":1,"3":1},"f":{},"b":{}}
,"/Users/minhbohung111/workspace/projects/staffEvaluation/staffEvaluation-api/src/auth/dto/register.dto.ts": {"path":"/Users/minhbohung111/workspace/projects/staffEvaluation/staffEvaluation-api/src/auth/dto/register.dto.ts","statementMap":{"0":{"start":{"line":1,"column":0},"end":{"line":1,"column":72}},"1":{"start":{"line":3,"column":0},"end":{"line":3,"column":13}},"2":{"start":{"line":5,"column":2},"end":{"line":5,"column":null}},"3":{"start":{"line":12,"column":2},"end":{"line":12,"column":null}}},"fnMap":{},"branchMap":{},"s":{"0":1,"1":1,"2":1,"3":1},"f":{},"b":{}}
,"/Users/minhbohung111/workspace/projects/staffEvaluation/staffEvaluation-api/src/auth/strategies/jwt.strategy.ts": {"path":"/Users/minhbohung111/workspace/projects/staffEvaluation/staffEvaluation-api/src/auth/strategies/jwt.strategy.ts","statementMap":{"0":{"start":{"line":1,"column":0},"end":{"line":1,"column":67}},"1":{"start":{"line":2,"column":0},"end":{"line":2,"column":52}},"2":{"start":{"line":3,"column":0},"end":{"line":3,"column":52}},"3":{"start":{"line":4,"column":0},"end":{"line":4,"column":47}},"4":{"start":{"line":5,"column":0},"end":{"line":5,"column":60}},"5":{"start":{"line":15,"column":7},"end":{"line":50,"column":null}},"6":{"start":{"line":20,"column":22},"end":{"line":20,"column":54}},"7":{"start":{"line":21,"column":4},"end":{"line":23,"column":5}},"8":{"start":{"line":22,"column":6},"end":{"line":22,"column":76}},"9":{"start":{"line":24,"column":4},"end":{"line":27,"column":7}},"10":{"start":{"line":17,"column":12},"end":{"line":17,"column":20}},"11":{"start":{"line":18,"column":12},"end":{"line":18,"column":20}},"12":{"start":{"line":31,"column":17},"end":{"line":37,"column":6}},"13":{"start":{"line":39,"column":4},"end":{"line":41,"column":5}},"14":{"start":{"line":40,"column":6},"end":{"line":40,"column":40}},"15":{"start":{"line":43,"column":4},"end":{"line":48,"column":6}},"16":{"start":{"line":47,"column":35},"end":{"line":47,"column":41}},"17":{"start":{"line":15,"column":13},"end":{"line":15,"column":24}},"18":{"start":{"line":15,"column":13},"end":{"line":50,"column":null}}},"fnMap":{"0":{"name":"(anonymous_2)","decl":{"start":{"line":16,"column":2},"end":{"line":16,"column":null}},"loc":{"start":{"line":18,"column":33},"end":{"line":28,"column":3}}},"1":{"name":"(anonymous_3)","decl":{"start":{"line":30,"column":2},"end":{"line":30,"column":7}},"loc":{"start":{"line":30,"column":36},"end":{"line":49,"column":3}}},"2":{"name":"(anonymous_4)","decl":{"start":{"line":47,"column":28},"end":{"line":47,"column":29}},"loc":{"start":{"line":47,"column":35},"end":{"line":47,"column":41}}}},"branchMap":{"0":{"loc":{"start":{"line":21,"column":4},"end":{"line":23,"column":5}},"type":"if","locations":[{"start":{"line":21,"column":4},"end":{"line":23,"column":5}},{"start":{},"end":{}}]},"1":{"loc":{"start":{"line":39,"column":4},"end":{"line":41,"column":5}},"type":"if","locations":[{"start":{"line":39,"column":4},"end":{"line":41,"column":5}},{"start":{},"end":{}}]},"2":{"loc":{"start":{"line":46,"column":15},"end":{"line":46,"column":44}},"type":"binary-expr","locations":[{"start":{"line":46,"column":15},"end":{"line":46,"column":36}},{"start":{"line":46,"column":40},"end":{"line":46,"column":44}}]},"3":{"loc":{"start":{"line":17,"column":20},"end":{"line":17,"column":null}},"type":"cond-expr","locations":[{"start":{"line":17,"column":33},"end":{"line":17,"column":null}},{"start":{"line":17,"column":33},"end":{"line":17,"column":null}}]},"4":{"loc":{"start":{"line":17,"column":20},"end":{"line":17,"column":33}},"type":"binary-expr","locations":[{"start":{"line":17,"column":20},"end":{"line":17,"column":null}},{"start":{"line":17,"column":20},"end":{"line":17,"column":33}}]},"5":{"loc":{"start":{"line":17,"column":33},"end":{"line":18,"column":null}},"type":"cond-expr","locations":[{"start":{"line":18,"column":33},"end":{"line":18,"column":null}},{"start":{"line":18,"column":33},"end":{"line":18,"column":null}}]},"6":{"loc":{"start":{"line":17,"column":33},"end":{"line":18,"column":33}},"type":"binary-expr","locations":[{"start":{"line":17,"column":33},"end":{"line":18,"column":null}},{"start":{"line":18,"column":20},"end":{"line":18,"column":33}}]}},"s":{"0":0,"1":0,"2":0,"3":0,"4":0,"5":0,"6":0,"7":0,"8":0,"9":0,"10":0,"11":0,"12":0,"13":0,"14":0,"15":0,"16":0,"17":0,"18":0},"f":{"0":0,"1":0,"2":0},"b":{"0":[0,0],"1":[0,0],"2":[0,0],"3":[0,0],"4":[0,0],"5":[0,0],"6":[0,0]}}
,"/Users/minhbohung111/workspace/projects/staffEvaluation/staffEvaluation-api/src/common/decorators/current-user.decorator.ts": {"path":"/Users/minhbohung111/workspace/projects/staffEvaluation/staffEvaluation-api/src/common/decorators/current-user.decorator.ts","statementMap":{"0":{"start":{"line":1,"column":0},"end":{"line":1,"column":72}},"1":{"start":{"line":3,"column":13},"end":{"line":8,"column":2}},"2":{"start":{"line":5,"column":20},"end":{"line":5,"column":51}},"3":{"start":{"line":6,"column":4},"end":{"line":6,"column":24}}},"fnMap":{"0":{"name":"(anonymous_0)","decl":{"start":{"line":4,"column":2},"end":{"line":4,"column":3}},"loc":{"start":{"line":4,"column":43},"end":{"line":7,"column":3}}}},"branchMap":{},"s":{"0":3,"1":3,"2":0,"3":0},"f":{"0":0},"b":{}}
,"/Users/minhbohung111/workspace/projects/staffEvaluation/staffEvaluation-api/src/common/decorators/roles.decorator.ts": {"path":"/Users/minhbohung111/workspace/projects/staffEvaluation/staffEvaluation-api/src/common/decorators/roles.decorator.ts","statementMap":{"0":{"start":{"line":1,"column":0},"end":{"line":1,"column":45}},"1":{"start":{"line":3,"column":13},"end":{"line":3,"column":33}},"2":{"start":{"line":4,"column":21},"end":{"line":4,"column":74}},"3":{"start":{"line":4,"column":45},"end":{"line":4,"column":74}},"4":{"start":{"line":4,"column":13},"end":{"line":4,"column":21}}},"fnMap":{"0":{"name":"(anonymous_0)","decl":{"start":{"line":4,"column":21},"end":{"line":4,"column":22}},"loc":{"start":{"line":4,"column":45},"end":{"line":4,"column":74}}}},"branchMap":{},"s":{"0":4,"1":4,"2":4,"3":11,"4":4},"f":{"0":11},"b":{}}
,"/Users/minhbohung111/workspace/projects/staffEvaluation/staffEvaluation-api/src/common/guards/jwt-auth.guard.ts": {"path":"/Users/minhbohung111/workspace/projects/staffEvaluation/staffEvaluation-api/src/common/guards/jwt-auth.guard.ts","statementMap":{"0":{"start":{"line":1,"column":0},"end":{"line":1,"column":62}},"1":{"start":{"line":2,"column":0},"end":{"line":2,"column":45}},"2":{"start":{"line":5,"column":7},"end":{"line":9,"column":null}},"3":{"start":{"line":7,"column":4},"end":{"line":7,"column":38}},"4":{"start":{"line":5,"column":13},"end":{"line":5,"column":25}},"5":{"start":{"line":5,"column":13},"end":{"line":9,"column":null}}},"fnMap":{"0":{"name":"(anonymous_1)","decl":{"start":{"line":6,"column":2},"end":{"line":6,"column":13}},"loc":{"start":{"line":6,"column":39},"end":{"line":8,"column":3}}}},"branchMap":{},"s":{"0":5,"1":5,"2":5,"3":0,"4":5,"5":5},"f":{"0":0},"b":{}}
,"/Users/minhbohung111/workspace/projects/staffEvaluation/staffEvaluation-api/src/common/guards/roles.guard.ts": {"path":"/Users/minhbohung111/workspace/projects/staffEvaluation/staffEvaluation-api/src/common/guards/roles.guard.ts","statementMap":{"0":{"start":{"line":1,"column":0},"end":{"line":1,"column":75}},"1":{"start":{"line":2,"column":0},"end":{"line":2,"column":41}},"2":{"start":{"line":3,"column":0},"end":{"line":3,"column":58}},"3":{"start":{"line":6,"column":7},"end":{"line":22,"column":null}},"4":{"start":{"line":7,"column":22},"end":{"line":7,"column":33}},"5":{"start":{"line":10,"column":26},"end":{"line":12,"column":null}},"6":{"start":{"line":15,"column":4},"end":{"line":17,"column":5}},"7":{"start":{"line":16,"column":6},"end":{"line":16,"column":18}},"8":{"start":{"line":19,"column":21},"end":{"line":19,"column":56}},"9":{"start":{"line":20,"column":4},"end":{"line":20,"column":68}},"10":{"start":{"line":20,"column":40},"end":{"line":20,"column":66}},"11":{"start":{"line":6,"column":13},"end":{"line":6,"column":23}},"12":{"start":{"line":6,"column":13},"end":{"line":22,"column":null}}},"fnMap":{"0":{"name":"(anonymous_2)","decl":{"start":{"line":7,"column":2},"end":{"line":7,"column":22}},"loc":{"start":{"line":7,"column":42},"end":{"line":7,"column":46}}},"1":{"name":"(anonymous_3)","decl":{"start":{"line":9,"column":2},"end":{"line":9,"column":13}},"loc":{"start":{"line":9,"column":39},"end":{"line":21,"column":3}}},"2":{"name":"(anonymous_4)","decl":{"start":{"line":20,"column":30},"end":{"line":20,"column":31}},"loc":{"start":{"line":20,"column":40},"end":{"line":20,"column":66}}}},"branchMap":{"0":{"loc":{"start":{"line":15,"column":4},"end":{"line":17,"column":5}},"type":"if","locations":[{"start":{"line":15,"column":4},"end":{"line":17,"column":5}},{"start":{},"end":{}}]},"1":{"loc":{"start":{"line":7,"column":33},"end":{"line":7,"column":45}},"type":"cond-expr","locations":[{"start":{"line":7,"column":42},"end":{"line":7,"column":45}},{"start":{"line":7,"column":42},"end":{"line":7,"column":45}}]},"2":{"loc":{"start":{"line":7,"column":33},"end":{"line":7,"column":42}},"type":"binary-expr","locations":[{"start":{"line":7,"column":33},"end":{"line":7,"column":45}},{"start":{"line":7,"column":33},"end":{"line":7,"column":42}}]}},"s":{"0":4,"1":4,"2":4,"3":4,"4":45,"5":0,"6":0,"7":0,"8":0,"9":0,"10":0,"11":4,"12":4},"f":{"0":45,"1":0,"2":0},"b":{"0":[0,0],"1":[4,0],"2":[4,4]}}
,"/Users/minhbohung111/workspace/projects/staffEvaluation/staffEvaluation-api/src/evaluations/evaluations.controller.ts": {"path":"/Users/minhbohung111/workspace/projects/staffEvaluation/staffEvaluation-api/src/evaluations/evaluations.controller.ts","statementMap":{"0":{"start":{"line":1,"column":0},"end":{"line":1,"column":null}},"1":{"start":{"line":11,"column":0},"end":{"line":11,"column":59}},"2":{"start":{"line":12,"column":0},"end":{"line":12,"column":58}},"3":{"start":{"line":13,"column":0},"end":{"line":13,"column":63}},"4":{"start":{"line":14,"column":0},"end":{"line":14,"column":58}},"5":{"start":{"line":15,"column":0},"end":{"line":15,"column":61}},"6":{"start":{"line":16,"column":0},"end":{"line":16,"column":74}},"7":{"start":{"line":21,"column":7},"end":{"line":74,"column":null}},"8":{"start":{"line":22,"column":22},"end":{"line":22,"column":42}},"9":{"start":{"line":32,"column":4},"end":{"line":36,"column":7}},"10":{"start":{"line":44,"column":4},"end":{"line":47,"column":6}},"11":{"start":{"line":52,"column":4},"end":{"line":52,"column":68}},"12":{"start":{"line":60,"column":4},"end":{"line":60,"column":74}},"13":{"start":{"line":67,"column":4},"end":{"line":67,"column":53}},"14":{"start":{"line":72,"column":4},"end":{"line":72,"column":66}},"15":{"start":{"line":21,"column":13},"end":{"line":21,"column":34}},"16":{"start":{"line":27,"column":2},"end":{"line":37,"column":null}},"17":{"start":{"line":40,"column":2},"end":{"line":48,"column":null}},"18":{"start":{"line":51,"column":2},"end":{"line":53,"column":null}},"19":{"start":{"line":56,"column":2},"end":{"line":61,"column":null}},"20":{"start":{"line":66,"column":2},"end":{"line":68,"column":null}},"21":{"start":{"line":71,"column":2},"end":{"line":73,"column":null}},"22":{"start":{"line":21,"column":13},"end":{"line":74,"column":null}}},"fnMap":{"0":{"name":"(anonymous_4)","decl":{"start":{"line":22,"column":2},"end":{"line":22,"column":22}},"loc":{"start":{"line":22,"column":60},"end":{"line":22,"column":64}}},"1":{"name":"(anonymous_5)","decl":{"start":{"line":27,"column":2},"end":{"line":27,"column":9}},"loc":{"start":{"line":30,"column":40},"end":{"line":37,"column":3}}},"2":{"name":"(anonymous_6)","decl":{"start":{"line":40,"column":2},"end":{"line":40,"column":8}},"loc":{"start":{"line":42,"column":38},"end":{"line":48,"column":3}}},"3":{"name":"(anonymous_7)","decl":{"start":{"line":51,"column":2},"end":{"line":51,"column":14}},"loc":{"start":{"line":51,"column":63},"end":{"line":53,"column":3}}},"4":{"name":"(anonymous_8)","decl":{"start":{"line":56,"column":2},"end":{"line":56,"column":16}},"loc":{"start":{"line":58,"column":52},"end":{"line":61,"column":3}}},"5":{"name":"(anonymous_9)","decl":{"start":{"line":66,"column":2},"end":{"line":66,"column":17}},"loc":{"start":{"line":66,"column":17},"end":{"line":68,"column":3}}},"6":{"name":"(anonymous_10)","decl":{"start":{"line":71,"column":2},"end":{"line":71,"column":12}},"loc":{"start":{"line":71,"column":93},"end":{"line":73,"column":3}}}},"branchMap":{"0":{"loc":{"start":{"line":33,"column":15},"end":{"line":33,"column":58}},"type":"cond-expr","locations":[{"start":{"line":33,"column":25},"end":{"line":33,"column":46}},{"start":{"line":33,"column":49},"end":{"line":33,"column":58}}]},"1":{"loc":{"start":{"line":34,"column":18},"end":{"line":34,"column":67}},"type":"cond-expr","locations":[{"start":{"line":34,"column":31},"end":{"line":34,"column":55}},{"start":{"line":34,"column":58},"end":{"line":34,"column":67}}]},"2":{"loc":{"start":{"line":35,"column":16},"end":{"line":35,"column":61}},"type":"cond-expr","locations":[{"start":{"line":35,"column":27},"end":{"line":35,"column":49}},{"start":{"line":35,"column":52},"end":{"line":35,"column":61}}]},"3":{"loc":{"start":{"line":46,"column":6},"end":{"line":46,"column":49}},"type":"cond-expr","locations":[{"start":{"line":46,"column":16},"end":{"line":46,"column":37}},{"start":{"line":46,"column":40},"end":{"line":46,"column":49}}]},"4":{"loc":{"start":{"line":71,"column":26},"end":{"line":71,"column":46}},"type":"cond-expr","locations":[{"start":{"line":71,"column":43},"end":{"line":71,"column":46}},{"start":{"line":71,"column":43},"end":{"line":71,"column":46}}]},"5":{"loc":{"start":{"line":71,"column":26},"end":{"line":71,"column":43}},"type":"binary-expr","locations":[{"start":{"line":71,"column":26},"end":{"line":71,"column":46}},{"start":{"line":71,"column":26},"end":{"line":71,"column":43}}]},"6":{"loc":{"start":{"line":22,"column":42},"end":{"line":22,"column":63}},"type":"cond-expr","locations":[{"start":{"line":22,"column":60},"end":{"line":22,"column":63}},{"start":{"line":22,"column":60},"end":{"line":22,"column":63}}]},"7":{"loc":{"start":{"line":22,"column":42},"end":{"line":22,"column":60}},"type":"binary-expr","locations":[{"start":{"line":22,"column":42},"end":{"line":22,"column":63}},{"start":{"line":22,"column":42},"end":{"line":22,"column":60}}]}},"s":{"0":1,"1":1,"2":1,"3":1,"4":1,"5":1,"6":1,"7":1,"8":16,"9":5,"10":2,"11":2,"12":2,"13":1,"14":3,"15":1,"16":1,"17":1,"18":1,"19":1,"20":1,"21":1,"22":1},"f":{"0":16,"1":5,"2":2,"3":2,"4":2,"5":1,"6":3},"b":{"0":[2,3],"1":[2,3],"2":[2,3],"3":[1,1],"4":[1,0],"5":[1,1],"6":[1,0],"7":[1,1]}}
,"/Users/minhbohung111/workspace/projects/staffEvaluation/staffEvaluation-api/src/evaluations/evaluations.module.ts": {"path":"/Users/minhbohung111/workspace/projects/staffEvaluation/staffEvaluation-api/src/evaluations/evaluations.module.ts","statementMap":{"0":{"start":{"line":1,"column":0},"end":{"line":1,"column":40}},"1":{"start":{"line":2,"column":0},"end":{"line":2,"column":59}},"2":{"start":{"line":3,"column":0},"end":{"line":3,"column":65}},"3":{"start":{"line":10,"column":7},"end":{"line":10,"column":null}},"4":{"start":{"line":10,"column":13},"end":{"line":10,"column":30}},"5":{"start":{"line":10,"column":13},"end":{"line":10,"column":null}}},"fnMap":{},"branchMap":{},"s":{"0":0,"1":0,"2":0,"3":0,"4":0,"5":0},"f":{},"b":{}}
,"/Users/minhbohung111/workspace/projects/staffEvaluation/staffEvaluation-api/src/evaluations/evaluations.service.ts": {"path":"/Users/minhbohung111/workspace/projects/staffEvaluation/staffEvaluation-api/src/evaluations/evaluations.service.ts","statementMap":{"0":{"start":{"line":1,"column":0},"end":{"line":1,"column":85}},"1":{"start":{"line":2,"column":0},"end":{"line":2,"column":57}},"2":{"start":{"line":6,"column":7},"end":{"line":137,"column":null}},"3":{"start":{"line":7,"column":22},"end":{"line":7,"column":30}},"4":{"start":{"line":10,"column":23},"end":{"line":10,"column":25}},"5":{"start":{"line":11,"column":4},"end":{"line":11,"column":54}},"6":{"start":{"line":11,"column":24},"end":{"line":11,"column":54}},"7":{"start":{"line":12,"column":4},"end":{"line":12,"column":63}},"8":{"start":{"line":12,"column":27},"end":{"line":12,"column":63}},"9":{"start":{"line":13,"column":4},"end":{"line":13,"column":57}},"10":{"start":{"line":13,"column":25},"end":{"line":13,"column":57}},"11":{"start":{"line":15,"column":4},"end":{"line":23,"column":7}},"12":{"start":{"line":27,"column":23},"end":{"line":27,"column":46}},"13":{"start":{"line":28,"column":4},"end":{"line":28,"column":41}},"14":{"start":{"line":28,"column":17},"end":{"line":28,"column":41}},"15":{"start":{"line":30,"column":4},"end":{"line":36,"column":7}},"16":{"start":{"line":40,"column":24},"end":{"line":45,"column":6}},"17":{"start":{"line":47,"column":4},"end":{"line":47,"column":45}},"18":{"start":{"line":47,"column":35},"end":{"line":47,"column":43}},"19":{"start":{"line":51,"column":24},"end":{"line":59,"column":6}},"20":{"start":{"line":61,"column":4},"end":{"line":61,"column":45}},"21":{"start":{"line":61,"column":35},"end":{"line":61,"column":43}},"22":{"start":{"line":65,"column":4},"end":{"line":67,"column":5}},"23":{"start":{"line":66,"column":6},"end":{"line":66,"column":59}},"24":{"start":{"line":70,"column":4},"end":{"line":72,"column":5}},"25":{"start":{"line":71,"column":6},"end":{"line":71,"column":63}},"26":{"start":{"line":75,"column":28},"end":{"line":77,"column":6}},"27":{"start":{"line":78,"column":4},"end":{"line":80,"column":5}},"28":{"start":{"line":79,"column":6},"end":{"line":79,"column":73}},"29":{"start":{"line":83,"column":26},"end":{"line":85,"column":6}},"30":{"start":{"line":86,"column":4},"end":{"line":88,"column":5}},"31":{"start":{"line":87,"column":6},"end":{"line":87,"column":82}},"32":{"start":{"line":91,"column":4},"end":{"line":95,"column":5}},"33":{"start":{"line":92,"column":6},"end":{"line":94,"column":7}},"34":{"start":{"line":93,"column":8},"end":{"line":93,"column":96}},"35":{"start":{"line":98,"column":20},"end":{"line":123,"column":null}},"36":{"start":{"line":100,"column":27},"end":{"line":100,"column":54}},"37":{"start":{"line":101,"column":8},"end":{"line":122,"column":11}},"38":{"start":{"line":126,"column":4},"end":{"line":126,"column":19}},"39":{"start":{"line":130,"column":4},"end":{"line":135,"column":7}},"40":{"start":{"line":6,"column":13},"end":{"line":6,"column":31}},"41":{"start":{"line":6,"column":13},"end":{"line":137,"column":null}}},"fnMap":{"0":{"name":"(anonymous_2)","decl":{"start":{"line":7,"column":2},"end":{"line":7,"column":22}},"loc":{"start":{"line":7,"column":43},"end":{"line":7,"column":47}}},"1":{"name":"(anonymous_3)","decl":{"start":{"line":9,"column":2},"end":{"line":9,"column":7}},"loc":{"start":{"line":9,"column":84},"end":{"line":24,"column":3}}},"2":{"name":"(anonymous_4)","decl":{"start":{"line":26,"column":2},"end":{"line":26,"column":7}},"loc":{"start":{"line":26,"column":56},"end":{"line":37,"column":3}}},"3":{"name":"(anonymous_5)","decl":{"start":{"line":39,"column":2},"end":{"line":39,"column":7}},"loc":{"start":{"line":39,"column":41},"end":{"line":48,"column":3}}},"4":{"name":"(anonymous_6)","decl":{"start":{"line":47,"column":27},"end":{"line":47,"column":28}},"loc":{"start":{"line":47,"column":35},"end":{"line":47,"column":43}}},"5":{"name":"(anonymous_7)","decl":{"start":{"line":50,"column":2},"end":{"line":50,"column":7}},"loc":{"start":{"line":50,"column":57},"end":{"line":62,"column":3}}},"6":{"name":"(anonymous_8)","decl":{"start":{"line":61,"column":27},"end":{"line":61,"column":28}},"loc":{"start":{"line":61,"column":35},"end":{"line":61,"column":43}}},"7":{"name":"(anonymous_9)","decl":{"start":{"line":64,"column":2},"end":{"line":64,"column":7}},"loc":{"start":{"line":64,"column":66},"end":{"line":127,"column":3}}},"8":{"name":"(anonymous_10)","decl":{"start":{"line":99,"column":42},"end":{"line":99,"column":43}},"loc":{"start":{"line":99,"column":69},"end":{"line":123,"column":7}}},"9":{"name":"(anonymous_11)","decl":{"start":{"line":129,"column":2},"end":{"line":129,"column":7}},"loc":{"start":{"line":129,"column":23},"end":{"line":136,"column":3}}}},"branchMap":{"0":{"loc":{"start":{"line":11,"column":4},"end":{"line":11,"column":54}},"type":"if","locations":[{"start":{"line":11,"column":4},"end":{"line":11,"column":54}},{"start":{},"end":{}}]},"1":{"loc":{"start":{"line":12,"column":4},"end":{"line":12,"column":63}},"type":"if","locations":[{"start":{"line":12,"column":4},"end":{"line":12,"column":63}},{"start":{},"end":{}}]},"2":{"loc":{"start":{"line":13,"column":4},"end":{"line":13,"column":57}},"type":"if","locations":[{"start":{"line":13,"column":4},"end":{"line":13,"column":57}},{"start":{},"end":{}}]},"3":{"loc":{"start":{"line":28,"column":4},"end":{"line":28,"column":41}},"type":"if","locations":[{"start":{"line":28,"column":4},"end":{"line":28,"column":41}},{"start":{},"end":{}}]},"4":{"loc":{"start":{"line":65,"column":4},"end":{"line":67,"column":5}},"type":"if","locations":[{"start":{"line":65,"column":4},"end":{"line":67,"column":5}},{"start":{},"end":{}}]},"5":{"loc":{"start":{"line":70,"column":4},"end":{"line":72,"column":5}},"type":"if","locations":[{"start":{"line":70,"column":4},"end":{"line":72,"column":5}},{"start":{},"end":{}}]},"6":{"loc":{"start":{"line":78,"column":4},"end":{"line":80,"column":5}},"type":"if","locations":[{"start":{"line":78,"column":4},"end":{"line":80,"column":5}},{"start":{},"end":{}}]},"7":{"loc":{"start":{"line":86,"column":4},"end":{"line":88,"column":5}},"type":"if","locations":[{"start":{"line":86,"column":4},"end":{"line":88,"column":5}},{"start":{},"end":{}}]},"8":{"loc":{"start":{"line":92,"column":6},"end":{"line":94,"column":7}},"type":"if","locations":[{"start":{"line":92,"column":6},"end":{"line":94,"column":7}},{"start":{},"end":{}}]},"9":{"loc":{"start":{"line":92,"column":10},"end":{"line":92,"column":89}},"type":"binary-expr","locations":[{"start":{"line":92,"column":10},"end":{"line":92,"column":35}},{"start":{"line":92,"column":39},"end":{"line":92,"column":48}},{"start":{"line":92,"column":52},"end":{"line":92,"column":62}},{"start":{"line":92,"column":66},"end":{"line":92,"column":89}}]},"10":{"loc":{"start":{"line":7,"column":30},"end":{"line":7,"column":46}},"type":"cond-expr","locations":[{"start":{"line":7,"column":43},"end":{"line":7,"column":46}},{"start":{"line":7,"column":43},"end":{"line":7,"column":46}}]},"11":{"loc":{"start":{"line":7,"column":30},"end":{"line":7,"column":43}},"type":"binary-expr","locations":[{"start":{"line":7,"column":30},"end":{"line":7,"column":46}},{"start":{"line":7,"column":30},"end":{"line":7,"column":43}}]}},"s":{"0":2,"1":2,"2":2,"3":19,"4":4,"5":4,"6":1,"7":4,"8":1,"9":4,"10":1,"11":4,"12":2,"13":2,"14":1,"15":2,"16":1,"17":1,"18":2,"19":1,"20":1,"21":2,"22":9,"23":1,"24":8,"25":1,"26":7,"27":7,"28":1,"29":6,"30":6,"31":1,"32":5,"33":6,"34":4,"35":1,"36":2,"37":2,"38":1,"39":1,"40":2,"41":2},"f":{"0":19,"1":4,"2":2,"3":1,"4":2,"5":1,"6":2,"7":9,"8":2,"9":1},"b":{"0":[1,3],"1":[1,3],"2":[1,3],"3":[1,1],"4":[1,8],"5":[1,7],"6":[1,6],"7":[1,5],"8":[4,2],"9":[6,5,4,2],"10":[2,0],"11":[2,2]}}
,"/Users/minhbohung111/workspace/projects/staffEvaluation/staffEvaluation-api/src/evaluations/dto/evaluations.dto.ts": {"path":"/Users/minhbohung111/workspace/projects/staffEvaluation/staffEvaluation-api/src/evaluations/dto/evaluations.dto.ts","statementMap":{"0":{"start":{"line":1,"column":0},"end":{"line":1,"column":98}},"1":{"start":{"line":2,"column":0},"end":{"line":2,"column":52}},"2":{"start":{"line":6,"column":2},"end":{"line":10,"column":3}},"3":{"start":{"line":7,"column":4},"end":{"line":9,"column":5}},"4":{"start":{"line":8,"column":6},"end":{"line":8,"column":19}},"5":{"start":{"line":11,"column":2},"end":{"line":11,"column":14}},"6":{"start":{"line":14,"column":0},"end":{"line":14,"column":13}},"7":{"start":{"line":16,"column":2},"end":{"line":16,"column":null}},"8":{"start":{"line":19,"column":2},"end":{"line":19,"column":null}},"9":{"start":{"line":30,"column":2},"end":{"line":30,"column":39}},"10":{"start":{"line":24,"column":4},"end":{"line":24,"column":66}},"11":{"start":{"line":24,"column":53},"end":{"line":24,"column":66}},"12":{"start":{"line":25,"column":4},"end":{"line":27,"column":5}},"13":{"start":{"line":26,"column":6},"end":{"line":26,"column":80}},"14":{"start":{"line":28,"column":4},"end":{"line":28,"column":17}},"15":{"start":{"line":33,"column":0},"end":{"line":33,"column":13}},"16":{"start":{"line":36,"column":2},"end":{"line":36,"column":null}},"17":{"start":{"line":40,"column":2},"end":{"line":40,"column":null}},"18":{"start":{"line":44,"column":2},"end":{"line":44,"column":null}}},"fnMap":{"0":{"name":"validateEvaluationPoints","decl":{"start":{"line":5,"column":9},"end":{"line":5,"column":33}},"loc":{"start":{"line":5,"column":69},"end":{"line":12,"column":1}}},"1":{"name":"(anonymous_3)","decl":{"start":{"line":22,"column":13},"end":{"line":22,"column":14}},"loc":{"start":{"line":22,"column":27},"end":{"line":29,"column":3}}}},"branchMap":{"0":{"loc":{"start":{"line":7,"column":4},"end":{"line":9,"column":5}},"type":"if","locations":[{"start":{"line":7,"column":4},"end":{"line":9,"column":5}},{"start":{},"end":{}}]},"1":{"loc":{"start":{"line":7,"column":8},"end":{"line":7,"column":87}},"type":"binary-expr","locations":[{"start":{"line":7,"column":8},"end":{"line":7,"column":33}},{"start":{"line":7,"column":37},"end":{"line":7,"column":46}},{"start":{"line":7,"column":50},"end":{"line":7,"column":60}},{"start":{"line":7,"column":64},"end":{"line":7,"column":87}}]},"2":{"loc":{"start":{"line":24,"column":4},"end":{"line":24,"column":66}},"type":"if","locations":[{"start":{"line":24,"column":4},"end":{"line":24,"column":66}},{"start":{},"end":{}}]},"3":{"loc":{"start":{"line":24,"column":8},"end":{"line":24,"column":51}},"type":"binary-expr","locations":[{"start":{"line":24,"column":8},"end":{"line":24,"column":33}},{"start":{"line":24,"column":37},"end":{"line":24,"column":51}}]},"4":{"loc":{"start":{"line":25,"column":4},"end":{"line":27,"column":5}},"type":"if","locations":[{"start":{"line":25,"column":4},"end":{"line":27,"column":5}},{"start":{},"end":{}}]},"5":{"loc":{"start":{"line":30,"column":15},"end":{"line":30,"column":38}},"type":"cond-expr","locations":[{"start":{"line":30,"column":21},"end":{"line":30,"column":38}},{"start":{"line":30,"column":21},"end":{"line":30,"column":38}}]},"6":{"loc":{"start":{"line":30,"column":15},"end":{"line":30,"column":21}},"type":"binary-expr","locations":[{"start":{"line":30,"column":15},"end":{"line":30,"column":38}},{"start":{"line":30,"column":15},"end":{"line":30,"column":21}}]}},"s":{"0":1,"1":1,"2":0,"3":0,"4":0,"5":0,"6":1,"7":1,"8":1,"9":1,"10":0,"11":0,"12":0,"13":0,"14":0,"15":1,"16":1,"17":1,"18":1},"f":{"0":0,"1":0},"b":{"0":[0,0],"1":[0,0,0,0],"2":[0,0],"3":[0,0],"4":[0,0],"5":[0,1],"6":[1,0]}}
,"/Users/minhbohung111/workspace/projects/staffEvaluation/staffEvaluation-api/src/groups/groups.controller.ts": {"path":"/Users/minhbohung111/workspace/projects/staffEvaluation/staffEvaluation-api/src/groups/groups.controller.ts","statementMap":{"0":{"start":{"line":1,"column":0},"end":{"line":1,"column":null}},"1":{"start":{"line":13,"column":0},"end":{"line":13,"column":49}},"2":{"start":{"line":14,"column":0},"end":{"line":14,"column":89}},"3":{"start":{"line":15,"column":0},"end":{"line":15,"column":63}},"4":{"start":{"line":16,"column":0},"end":{"line":16,"column":58}},"5":{"start":{"line":17,"column":0},"end":{"line":17,"column":61}},"6":{"start":{"line":21,"column":7},"end":{"line":69,"column":null}},"7":{"start":{"line":22,"column":22},"end":{"line":22,"column":37}},"8":{"start":{"line":26,"column":4},"end":{"line":26,"column":40}},"9":{"start":{"line":31,"column":4},"end":{"line":31,"column":42}},"10":{"start":{"line":36,"column":4},"end":{"line":36,"column":45}},"11":{"start":{"line":43,"column":4},"end":{"line":43,"column":42}},"12":{"start":{"line":50,"column":4},"end":{"line":50,"column":46}},"13":{"start":{"line":60,"column":4},"end":{"line":60,"column":53}},"14":{"start":{"line":67,"column":4},"end":{"line":67,"column":41}},"15":{"start":{"line":21,"column":13},"end":{"line":21,"column":29}},"16":{"start":{"line":25,"column":2},"end":{"line":27,"column":null}},"17":{"start":{"line":30,"column":2},"end":{"line":32,"column":null}},"18":{"start":{"line":35,"column":2},"end":{"line":37,"column":null}},"19":{"start":{"line":42,"column":2},"end":{"line":44,"column":null}},"20":{"start":{"line":49,"column":2},"end":{"line":51,"column":null}},"21":{"start":{"line":56,"column":2},"end":{"line":61,"column":null}},"22":{"start":{"line":66,"column":2},"end":{"line":68,"column":null}},"23":{"start":{"line":21,"column":13},"end":{"line":69,"column":null}}},"fnMap":{"0":{"name":"(anonymous_4)","decl":{"start":{"line":22,"column":2},"end":{"line":22,"column":22}},"loc":{"start":{"line":22,"column":50},"end":{"line":22,"column":54}}},"1":{"name":"(anonymous_5)","decl":{"start":{"line":25,"column":2},"end":{"line":25,"column":9}},"loc":{"start":{"line":25,"column":9},"end":{"line":27,"column":3}}},"2":{"name":"(anonymous_6)","decl":{"start":{"line":30,"column":2},"end":{"line":30,"column":9}},"loc":{"start":{"line":30,"column":47},"end":{"line":32,"column":3}}},"3":{"name":"(anonymous_7)","decl":{"start":{"line":35,"column":2},"end":{"line":35,"column":12}},"loc":{"start":{"line":35,"column":50},"end":{"line":37,"column":3}}},"4":{"name":"(anonymous_8)","decl":{"start":{"line":42,"column":2},"end":{"line":42,"column":8}},"loc":{"start":{"line":42,"column":36},"end":{"line":44,"column":3}}},"5":{"name":"(anonymous_9)","decl":{"start":{"line":49,"column":2},"end":{"line":49,"column":8}},"loc":{"start":{"line":49,"column":75},"end":{"line":51,"column":3}}},"6":{"name":"(anonymous_10)","decl":{"start":{"line":56,"column":2},"end":{"line":56,"column":15}},"loc":{"start":{"line":58,"column":38},"end":{"line":61,"column":3}}},"7":{"name":"(anonymous_11)","decl":{"start":{"line":66,"column":2},"end":{"line":66,"column":8}},"loc":{"start":{"line":66,"column":46},"end":{"line":68,"column":3}}}},"branchMap":{"0":{"loc":{"start":{"line":42,"column":22},"end":{"line":42,"column":null}},"type":"cond-expr","locations":[{"start":{"line":42,"column":36},"end":{"line":42,"column":null}},{"start":{"line":42,"column":36},"end":{"line":42,"column":null}}]},"1":{"loc":{"start":{"line":42,"column":22},"end":{"line":42,"column":36}},"type":"binary-expr","locations":[{"start":{"line":42,"column":22},"end":{"line":42,"column":null}},{"start":{"line":42,"column":22},"end":{"line":42,"column":36}}]},"2":{"loc":{"start":{"line":49,"column":61},"end":{"line":49,"column":null}},"type":"cond-expr","locations":[{"start":{"line":49,"column":75},"end":{"line":49,"column":null}},{"start":{"line":49,"column":75},"end":{"line":49,"column":null}}]},"3":{"loc":{"start":{"line":49,"column":61},"end":{"line":49,"column":75}},"type":"binary-expr","locations":[{"start":{"line":49,"column":61},"end":{"line":49,"column":null}},{"start":{"line":49,"column":61},"end":{"line":49,"column":75}}]},"4":{"loc":{"start":{"line":58,"column":17},"end":{"line":58,"column":null}},"type":"cond-expr","locations":[{"start":{"line":58,"column":38},"end":{"line":58,"column":null}},{"start":{"line":58,"column":38},"end":{"line":58,"column":null}}]},"5":{"loc":{"start":{"line":58,"column":17},"end":{"line":58,"column":38}},"type":"binary-expr","locations":[{"start":{"line":58,"column":17},"end":{"line":58,"column":null}},{"start":{"line":58,"column":17},"end":{"line":58,"column":38}}]},"6":{"loc":{"start":{"line":22,"column":37},"end":{"line":22,"column":53}},"type":"cond-expr","locations":[{"start":{"line":22,"column":50},"end":{"line":22,"column":53}},{"start":{"line":22,"column":50},"end":{"line":22,"column":53}}]},"7":{"loc":{"start":{"line":22,"column":37},"end":{"line":22,"column":50}},"type":"binary-expr","locations":[{"start":{"line":22,"column":37},"end":{"line":22,"column":53}},{"start":{"line":22,"column":37},"end":{"line":22,"column":50}}]}},"s":{"0":1,"1":1,"2":1,"3":1,"4":1,"5":1,"6":1,"7":13,"8":2,"9":1,"10":2,"11":2,"12":2,"13":2,"14":1,"15":1,"16":1,"17":1,"18":1,"19":1,"20":1,"21":1,"22":1,"23":1},"f":{"0":13,"1":2,"2":1,"3":2,"4":2,"5":2,"6":2,"7":1},"b":{"0":[1,0],"1":[1,1],"2":[1,0],"3":[1,1],"4":[1,0],"5":[1,1],"6":[1,0],"7":[1,1]}}
,"/Users/minhbohung111/workspace/projects/staffEvaluation/staffEvaluation-api/src/groups/groups.module.ts": {"path":"/Users/minhbohung111/workspace/projects/staffEvaluation/staffEvaluation-api/src/groups/groups.module.ts","statementMap":{"0":{"start":{"line":1,"column":0},"end":{"line":1,"column":40}},"1":{"start":{"line":2,"column":0},"end":{"line":2,"column":49}},"2":{"start":{"line":3,"column":0},"end":{"line":3,"column":55}},"3":{"start":{"line":10,"column":7},"end":{"line":10,"column":null}},"4":{"start":{"line":10,"column":13},"end":{"line":10,"column":25}},"5":{"start":{"line":10,"column":13},"end":{"line":10,"column":null}}},"fnMap":{},"branchMap":{},"s":{"0":0,"1":0,"2":0,"3":0,"4":0,"5":0},"f":{},"b":{}}
,"/Users/minhbohung111/workspace/projects/staffEvaluation/staffEvaluation-api/src/groups/groups.service.ts": {"path":"/Users/minhbohung111/workspace/projects/staffEvaluation/staffEvaluation-api/src/groups/groups.service.ts","statementMap":{"0":{"start":{"line":1,"column":0},"end":{"line":1,"column":63}},"1":{"start":{"line":2,"column":0},"end":{"line":2,"column":57}},"2":{"start":{"line":6,"column":7},"end":{"line":116,"column":null}},"3":{"start":{"line":7,"column":22},"end":{"line":7,"column":30}},"4":{"start":{"line":10,"column":4},"end":{"line":15,"column":7}},"5":{"start":{"line":19,"column":18},"end":{"line":29,"column":6}},"6":{"start":{"line":31,"column":4},"end":{"line":33,"column":5}},"7":{"start":{"line":32,"column":6},"end":{"line":32,"column":67}},"8":{"start":{"line":35,"column":4},"end":{"line":35,"column":17}},"9":{"start":{"line":39,"column":18},"end":{"line":48,"column":6}},"10":{"start":{"line":50,"column":4},"end":{"line":52,"column":5}},"11":{"start":{"line":51,"column":6},"end":{"line":51,"column":67}},"12":{"start":{"line":54,"column":4},"end":{"line":54,"column":51}},"13":{"start":{"line":54,"column":41},"end":{"line":54,"column":49}},"14":{"start":{"line":58,"column":4},"end":{"line":63,"column":7}},"15":{"start":{"line":67,"column":18},"end":{"line":67,"column":71}},"16":{"start":{"line":69,"column":4},"end":{"line":71,"column":5}},"17":{"start":{"line":70,"column":6},"end":{"line":70,"column":67}},"18":{"start":{"line":73,"column":4},"end":{"line":79,"column":7}},"19":{"start":{"line":83,"column":18},"end":{"line":83,"column":71}},"20":{"start":{"line":85,"column":4},"end":{"line":87,"column":5}},"21":{"start":{"line":86,"column":6},"end":{"line":86,"column":67}},"22":{"start":{"line":90,"column":4},"end":{"line":92,"column":7}},"23":{"start":{"line":95,"column":4},"end":{"line":102,"column":5}},"24":{"start":{"line":96,"column":6},"end":{"line":101,"column":9}},"25":{"start":{"line":97,"column":45},"end":{"line":100,"column":10}},"26":{"start":{"line":104,"column":4},"end":{"line":104,"column":31}},"27":{"start":{"line":108,"column":18},"end":{"line":108,"column":71}},"28":{"start":{"line":110,"column":4},"end":{"line":112,"column":5}},"29":{"start":{"line":111,"column":6},"end":{"line":111,"column":67}},"30":{"start":{"line":114,"column":4},"end":{"line":114,"column":55}},"31":{"start":{"line":6,"column":13},"end":{"line":6,"column":26}},"32":{"start":{"line":6,"column":13},"end":{"line":116,"column":null}}},"fnMap":{"0":{"name":"(anonymous_2)","decl":{"start":{"line":7,"column":2},"end":{"line":7,"column":22}},"loc":{"start":{"line":7,"column":43},"end":{"line":7,"column":47}}},"1":{"name":"(anonymous_3)","decl":{"start":{"line":9,"column":2},"end":{"line":9,"column":7}},"loc":{"start":{"line":9,"column":15},"end":{"line":16,"column":3}}},"2":{"name":"(anonymous_4)","decl":{"start":{"line":18,"column":2},"end":{"line":18,"column":7}},"loc":{"start":{"line":18,"column":26},"end":{"line":36,"column":3}}},"3":{"name":"(anonymous_5)","decl":{"start":{"line":38,"column":2},"end":{"line":38,"column":7}},"loc":{"start":{"line":38,"column":29},"end":{"line":55,"column":3}}},"4":{"name":"(anonymous_6)","decl":{"start":{"line":54,"column":33},"end":{"line":54,"column":34}},"loc":{"start":{"line":54,"column":41},"end":{"line":54,"column":49}}},"5":{"name":"(anonymous_7)","decl":{"start":{"line":57,"column":2},"end":{"line":57,"column":7}},"loc":{"start":{"line":57,"column":34},"end":{"line":64,"column":3}}},"6":{"name":"(anonymous_8)","decl":{"start":{"line":66,"column":2},"end":{"line":66,"column":7}},"loc":{"start":{"line":66,"column":46},"end":{"line":80,"column":3}}},"7":{"name":"(anonymous_9)","decl":{"start":{"line":82,"column":2},"end":{"line":82,"column":7}},"loc":{"start":{"line":82,"column":60},"end":{"line":105,"column":3}}},"8":{"name":"(anonymous_10)","decl":{"start":{"line":97,"column":31},"end":{"line":97,"column":32}},"loc":{"start":{"line":97,"column":45},"end":{"line":100,"column":10}}},"9":{"name":"(anonymous_11)","decl":{"start":{"line":107,"column":2},"end":{"line":107,"column":7}},"loc":{"start":{"line":107,"column":25},"end":{"line":115,"column":3}}}},"branchMap":{"0":{"loc":{"start":{"line":31,"column":4},"end":{"line":33,"column":5}},"type":"if","locations":[{"start":{"line":31,"column":4},"end":{"line":33,"column":5}},{"start":{},"end":{}}]},"1":{"loc":{"start":{"line":50,"column":4},"end":{"line":52,"column":5}},"type":"if","locations":[{"start":{"line":50,"column":4},"end":{"line":52,"column":5}},{"start":{},"end":{}}]},"2":{"loc":{"start":{"line":69,"column":4},"end":{"line":71,"column":5}},"type":"if","locations":[{"start":{"line":69,"column":4},"end":{"line":71,"column":5}},{"start":{},"end":{}}]},"3":{"loc":{"start":{"line":85,"column":4},"end":{"line":87,"column":5}},"type":"if","locations":[{"start":{"line":85,"column":4},"end":{"line":87,"column":5}},{"start":{},"end":{}}]},"4":{"loc":{"start":{"line":95,"column":4},"end":{"line":102,"column":5}},"type":"if","locations":[{"start":{"line":95,"column":4},"end":{"line":102,"column":5}},{"start":{},"end":{}}]},"5":{"loc":{"start":{"line":110,"column":4},"end":{"line":112,"column":5}},"type":"if","locations":[{"start":{"line":110,"column":4},"end":{"line":112,"column":5}},{"start":{},"end":{}}]},"6":{"loc":{"start":{"line":7,"column":30},"end":{"line":7,"column":46}},"type":"cond-expr","locations":[{"start":{"line":7,"column":43},"end":{"line":7,"column":46}},{"start":{"line":7,"column":43},"end":{"line":7,"column":46}}]},"7":{"loc":{"start":{"line":7,"column":30},"end":{"line":7,"column":43}},"type":"binary-expr","locations":[{"start":{"line":7,"column":30},"end":{"line":7,"column":46}},{"start":{"line":7,"column":30},"end":{"line":7,"column":43}}]}},"s":{"0":2,"1":2,"2":2,"3":16,"4":2,"5":3,"6":3,"7":2,"8":1,"9":4,"10":4,"11":1,"12":3,"13":5,"14":2,"15":2,"16":2,"17":1,"18":1,"19":3,"20":3,"21":1,"22":2,"23":2,"24":1,"25":3,"26":2,"27":2,"28":2,"29":1,"30":1,"31":2,"32":2},"f":{"0":16,"1":2,"2":3,"3":4,"4":5,"5":2,"6":2,"7":3,"8":3,"9":2},"b":{"0":[2,1],"1":[1,3],"2":[1,1],"3":[1,2],"4":[1,1],"5":[1,1],"6":[2,0],"7":[2,2]}}
,"/Users/minhbohung111/workspace/projects/staffEvaluation/staffEvaluation-api/src/groups/dto/groups.dto.ts": {"path":"/Users/minhbohung111/workspace/projects/staffEvaluation/staffEvaluation-api/src/groups/dto/groups.dto.ts","statementMap":{"0":{"start":{"line":1,"column":0},"end":{"line":1,"column":71}},"1":{"start":{"line":3,"column":0},"end":{"line":3,"column":13}},"2":{"start":{"line":5,"column":2},"end":{"line":5,"column":null}},"3":{"start":{"line":9,"column":2},"end":{"line":9,"column":null}},"4":{"start":{"line":12,"column":0},"end":{"line":12,"column":13}},"5":{"start":{"line":14,"column":0},"end":{"line":14,"column":13}},"6":{"start":{"line":17,"column":2},"end":{"line":17,"column":null}}},"fnMap":{},"branchMap":{},"s":{"0":1,"1":1,"2":1,"3":1,"4":1,"5":1,"6":1},"f":{},"b":{}}
,"/Users/minhbohung111/workspace/projects/staffEvaluation/staffEvaluation-api/src/organization-units/organization-units.controller.ts": {"path":"/Users/minhbohung111/workspace/projects/staffEvaluation/staffEvaluation-api/src/organization-units/organization-units.controller.ts","statementMap":{"0":{"start":{"line":1,"column":0},"end":{"line":1,"column":null}},"1":{"start":{"line":12,"column":0},"end":{"line":12,"column":72}},"2":{"start":{"line":13,"column":0},"end":{"line":13,"column":100}},"3":{"start":{"line":14,"column":0},"end":{"line":14,"column":63}},"4":{"start":{"line":15,"column":0},"end":{"line":15,"column":58}},"5":{"start":{"line":16,"column":0},"end":{"line":16,"column":61}},"6":{"start":{"line":20,"column":7},"end":{"line":56,"column":null}},"7":{"start":{"line":21,"column":22},"end":{"line":21,"column":48}},"8":{"start":{"line":25,"column":4},"end":{"line":25,"column":51}},"9":{"start":{"line":30,"column":4},"end":{"line":30,"column":53}},"10":{"start":{"line":37,"column":4},"end":{"line":37,"column":53}},"11":{"start":{"line":47,"column":4},"end":{"line":47,"column":57}},"12":{"start":{"line":54,"column":4},"end":{"line":54,"column":52}},"13":{"start":{"line":20,"column":13},"end":{"line":20,"column":40}},"14":{"start":{"line":24,"column":2},"end":{"line":26,"column":null}},"15":{"start":{"line":29,"column":2},"end":{"line":31,"column":null}},"16":{"start":{"line":36,"column":2},"end":{"line":38,"column":null}},"17":{"start":{"line":43,"column":2},"end":{"line":48,"column":null}},"18":{"start":{"line":53,"column":2},"end":{"line":55,"column":null}},"19":{"start":{"line":20,"column":13},"end":{"line":56,"column":null}}},"fnMap":{"0":{"name":"(anonymous_4)","decl":{"start":{"line":21,"column":2},"end":{"line":21,"column":22}},"loc":{"start":{"line":21,"column":72},"end":{"line":21,"column":76}}},"1":{"name":"(anonymous_5)","decl":{"start":{"line":24,"column":2},"end":{"line":24,"column":9}},"loc":{"start":{"line":24,"column":9},"end":{"line":26,"column":3}}},"2":{"name":"(anonymous_6)","decl":{"start":{"line":29,"column":2},"end":{"line":29,"column":9}},"loc":{"start":{"line":29,"column":47},"end":{"line":31,"column":3}}},"3":{"name":"(anonymous_7)","decl":{"start":{"line":36,"column":2},"end":{"line":36,"column":8}},"loc":{"start":{"line":36,"column":47},"end":{"line":38,"column":3}}},"4":{"name":"(anonymous_8)","decl":{"start":{"line":43,"column":2},"end":{"line":43,"column":8}},"loc":{"start":{"line":45,"column":42},"end":{"line":48,"column":3}}},"5":{"name":"(anonymous_9)","decl":{"start":{"line":53,"column":2},"end":{"line":53,"column":8}},"loc":{"start":{"line":53,"column":46},"end":{"line":55,"column":3}}}},"branchMap":{"0":{"loc":{"start":{"line":36,"column":22},"end":{"line":36,"column":null}},"type":"cond-expr","locations":[{"start":{"line":36,"column":47},"end":{"line":36,"column":null}},{"start":{"line":36,"column":47},"end":{"line":36,"column":null}}]},"1":{"loc":{"start":{"line":36,"column":22},"end":{"line":36,"column":47}},"type":"binary-expr","locations":[{"start":{"line":36,"column":22},"end":{"line":36,"column":null}},{"start":{"line":36,"column":22},"end":{"line":36,"column":47}}]},"2":{"loc":{"start":{"line":45,"column":17},"end":{"line":45,"column":null}},"type":"cond-expr","locations":[{"start":{"line":45,"column":42},"end":{"line":45,"column":null}},{"start":{"line":45,"column":42},"end":{"line":45,"column":null}}]},"3":{"loc":{"start":{"line":45,"column":17},"end":{"line":45,"column":42}},"type":"binary-expr","locations":[{"start":{"line":45,"column":17},"end":{"line":45,"column":null}},{"start":{"line":45,"column":17},"end":{"line":45,"column":42}}]},"4":{"loc":{"start":{"line":21,"column":48},"end":{"line":21,"column":75}},"type":"cond-expr","locations":[{"start":{"line":21,"column":72},"end":{"line":21,"column":75}},{"start":{"line":21,"column":72},"end":{"line":21,"column":75}}]},"5":{"loc":{"start":{"line":21,"column":48},"end":{"line":21,"column":72}},"type":"binary-expr","locations":[{"start":{"line":21,"column":48},"end":{"line":21,"column":75}},{"start":{"line":21,"column":48},"end":{"line":21,"column":72}}]}},"s":{"0":0,"1":0,"2":0,"3":0,"4":0,"5":0,"6":0,"7":0,"8":0,"9":0,"10":0,"11":0,"12":0,"13":0,"14":0,"15":0,"16":0,"17":0,"18":0,"19":0},"f":{"0":0,"1":0,"2":0,"3":0,"4":0,"5":0},"b":{"0":[0,0],"1":[0,0],"2":[0,0],"3":[0,0],"4":[0,0],"5":[0,0]}}
,"/Users/minhbohung111/workspace/projects/staffEvaluation/staffEvaluation-api/src/organization-units/organization-units.module.ts": {"path":"/Users/minhbohung111/workspace/projects/staffEvaluation/staffEvaluation-api/src/organization-units/organization-units.module.ts","statementMap":{"0":{"start":{"line":1,"column":0},"end":{"line":1,"column":40}},"1":{"start":{"line":2,"column":0},"end":{"line":2,"column":72}},"2":{"start":{"line":3,"column":0},"end":{"line":3,"column":78}},"3":{"start":{"line":10,"column":7},"end":{"line":10,"column":null}},"4":{"start":{"line":10,"column":13},"end":{"line":10,"column":36}},"5":{"start":{"line":10,"column":13},"end":{"line":10,"column":null}}},"fnMap":{},"branchMap":{},"s":{"0":0,"1":0,"2":0,"3":0,"4":0,"5":0},"f":{},"b":{}}
,"/Users/minhbohung111/workspace/projects/staffEvaluation/staffEvaluation-api/src/organization-units/organization-units.service.ts": {"path":"/Users/minhbohung111/workspace/projects/staffEvaluation/staffEvaluation-api/src/organization-units/organization-units.service.ts","statementMap":{"0":{"start":{"line":1,"column":0},"end":{"line":1,"column":63}},"1":{"start":{"line":2,"column":0},"end":{"line":2,"column":57}},"2":{"start":{"line":6,"column":7},"end":{"line":55,"column":null}},"3":{"start":{"line":7,"column":22},"end":{"line":7,"column":30}},"4":{"start":{"line":10,"column":4},"end":{"line":12,"column":7}},"5":{"start":{"line":16,"column":17},"end":{"line":18,"column":6}},"6":{"start":{"line":20,"column":4},"end":{"line":22,"column":5}},"7":{"start":{"line":21,"column":6},"end":{"line":21,"column":79}},"8":{"start":{"line":24,"column":4},"end":{"line":24,"column":16}},"9":{"start":{"line":28,"column":4},"end":{"line":30,"column":7}},"10":{"start":{"line":34,"column":17},"end":{"line":34,"column":81}},"11":{"start":{"line":36,"column":4},"end":{"line":38,"column":5}},"12":{"start":{"line":37,"column":6},"end":{"line":37,"column":79}},"13":{"start":{"line":40,"column":4},"end":{"line":43,"column":7}},"14":{"start":{"line":47,"column":17},"end":{"line":47,"column":81}},"15":{"start":{"line":49,"column":4},"end":{"line":51,"column":5}},"16":{"start":{"line":50,"column":6},"end":{"line":50,"column":79}},"17":{"start":{"line":53,"column":4},"end":{"line":53,"column":66}},"18":{"start":{"line":6,"column":13},"end":{"line":6,"column":37}},"19":{"start":{"line":6,"column":13},"end":{"line":55,"column":null}}},"fnMap":{"0":{"name":"(anonymous_2)","decl":{"start":{"line":7,"column":2},"end":{"line":7,"column":22}},"loc":{"start":{"line":7,"column":43},"end":{"line":7,"column":47}}},"1":{"name":"(anonymous_3)","decl":{"start":{"line":9,"column":2},"end":{"line":9,"column":7}},"loc":{"start":{"line":9,"column":15},"end":{"line":13,"column":3}}},"2":{"name":"(anonymous_4)","decl":{"start":{"line":15,"column":2},"end":{"line":15,"column":7}},"loc":{"start":{"line":15,"column":26},"end":{"line":25,"column":3}}},"3":{"name":"(anonymous_5)","decl":{"start":{"line":27,"column":2},"end":{"line":27,"column":7}},"loc":{"start":{"line":27,"column":45},"end":{"line":31,"column":3}}},"4":{"name":"(anonymous_6)","decl":{"start":{"line":33,"column":2},"end":{"line":33,"column":7}},"loc":{"start":{"line":33,"column":57},"end":{"line":44,"column":3}}},"5":{"name":"(anonymous_7)","decl":{"start":{"line":46,"column":2},"end":{"line":46,"column":7}},"loc":{"start":{"line":46,"column":25},"end":{"line":54,"column":3}}}},"branchMap":{"0":{"loc":{"start":{"line":20,"column":4},"end":{"line":22,"column":5}},"type":"if","locations":[{"start":{"line":20,"column":4},"end":{"line":22,"column":5}},{"start":{},"end":{}}]},"1":{"loc":{"start":{"line":36,"column":4},"end":{"line":38,"column":5}},"type":"if","locations":[{"start":{"line":36,"column":4},"end":{"line":38,"column":5}},{"start":{},"end":{}}]},"2":{"loc":{"start":{"line":49,"column":4},"end":{"line":51,"column":5}},"type":"if","locations":[{"start":{"line":49,"column":4},"end":{"line":51,"column":5}},{"start":{},"end":{}}]},"3":{"loc":{"start":{"line":7,"column":30},"end":{"line":7,"column":46}},"type":"cond-expr","locations":[{"start":{"line":7,"column":43},"end":{"line":7,"column":46}},{"start":{"line":7,"column":43},"end":{"line":7,"column":46}}]},"4":{"loc":{"start":{"line":7,"column":30},"end":{"line":7,"column":43}},"type":"binary-expr","locations":[{"start":{"line":7,"column":30},"end":{"line":7,"column":46}},{"start":{"line":7,"column":30},"end":{"line":7,"column":43}}]}},"s":{"0":0,"1":0,"2":0,"3":0,"4":0,"5":0,"6":0,"7":0,"8":0,"9":0,"10":0,"11":0,"12":0,"13":0,"14":0,"15":0,"16":0,"17":0,"18":0,"19":0},"f":{"0":0,"1":0,"2":0,"3":0,"4":0,"5":0},"b":{"0":[0,0],"1":[0,0],"2":[0,0],"3":[0,0],"4":[0,0]}}
,"/Users/minhbohung111/workspace/projects/staffEvaluation/staffEvaluation-api/src/organization-units/dto/organization-units.dto.ts": {"path":"/Users/minhbohung111/workspace/projects/staffEvaluation/staffEvaluation-api/src/organization-units/dto/organization-units.dto.ts","statementMap":{"0":{"start":{"line":1,"column":0},"end":{"line":1,"column":50}},"1":{"start":{"line":3,"column":0},"end":{"line":3,"column":13}},"2":{"start":{"line":5,"column":2},"end":{"line":5,"column":null}},"3":{"start":{"line":8,"column":2},"end":{"line":8,"column":null}},"4":{"start":{"line":11,"column":0},"end":{"line":11,"column":13}},"5":{"start":{"line":13,"column":2},"end":{"line":13,"column":null}}},"fnMap":{},"branchMap":{},"s":{"0":0,"1":0,"2":0,"3":0,"4":0,"5":0},"f":{},"b":{}}
,"/Users/minhbohung111/workspace/projects/staffEvaluation/staffEvaluation-api/src/prisma/prisma.module.ts": {"path":"/Users/minhbohung111/workspace/projects/staffEvaluation/staffEvaluation-api/src/prisma/prisma.module.ts","statementMap":{"0":{"start":{"line":1,"column":0},"end":{"line":1,"column":48}},"1":{"start":{"line":2,"column":0},"end":{"line":2,"column":49}},"2":{"start":{"line":9,"column":7},"end":{"line":9,"column":null}},"3":{"start":{"line":9,"column":13},"end":{"line":9,"column":25}},"4":{"start":{"line":9,"column":13},"end":{"line":9,"column":null}}},"fnMap":{},"branchMap":{},"s":{"0":0,"1":0,"2":0,"3":0,"4":0},"f":{},"b":{}}
,"/Users/minhbohung111/workspace/projects/staffEvaluation/staffEvaluation-api/src/prisma/prisma.service.ts": {"path":"/Users/minhbohung111/workspace/projects/staffEvaluation/staffEvaluation-api/src/prisma/prisma.service.ts","statementMap":{"0":{"start":{"line":1,"column":0},"end":{"line":1,"column":75}},"1":{"start":{"line":2,"column":0},"end":{"line":2,"column":46}},"2":{"start":{"line":5,"column":7},"end":{"line":16,"column":null}},"3":{"start":{"line":10,"column":4},"end":{"line":10,"column":26}},"4":{"start":{"line":14,"column":4},"end":{"line":14,"column":29}},"5":{"start":{"line":5,"column":13},"end":{"line":5,"column":26}},"6":{"start":{"line":5,"column":13},"end":{"line":16,"column":null}}},"fnMap":{"0":{"name":"(anonymous_1)","decl":{"start":{"line":9,"column":2},"end":{"line":9,"column":7}},"loc":{"start":{"line":9,"column":20},"end":{"line":11,"column":3}}},"1":{"name":"(anonymous_2)","decl":{"start":{"line":13,"column":2},"end":{"line":13,"column":7}},"loc":{"start":{"line":13,"column":23},"end":{"line":15,"column":3}}}},"branchMap":{},"s":{"0":10,"1":10,"2":10,"3":0,"4":0,"5":10,"6":10},"f":{"0":0,"1":0},"b":{}}
,"/Users/minhbohung111/workspace/projects/staffEvaluation/staffEvaluation-api/src/questions/questions.controller.ts": {"path":"/Users/minhbohung111/workspace/projects/staffEvaluation/staffEvaluation-api/src/questions/questions.controller.ts","statementMap":{"0":{"start":{"line":1,"column":0},"end":{"line":1,"column":null}},"1":{"start":{"line":12,"column":0},"end":{"line":12,"column":55}},"2":{"start":{"line":13,"column":0},"end":{"line":13,"column":75}},"3":{"start":{"line":14,"column":0},"end":{"line":14,"column":63}},"4":{"start":{"line":15,"column":0},"end":{"line":15,"column":58}},"5":{"start":{"line":16,"column":0},"end":{"line":16,"column":61}},"6":{"start":{"line":20,"column":7},"end":{"line":56,"column":null}},"7":{"start":{"line":21,"column":22},"end":{"line":21,"column":40}},"8":{"start":{"line":25,"column":4},"end":{"line":25,"column":43}},"9":{"start":{"line":30,"column":4},"end":{"line":30,"column":45}},"10":{"start":{"line":37,"column":4},"end":{"line":37,"column":45}},"11":{"start":{"line":47,"column":4},"end":{"line":47,"column":49}},"12":{"start":{"line":54,"column":4},"end":{"line":54,"column":44}},"13":{"start":{"line":20,"column":13},"end":{"line":20,"column":32}},"14":{"start":{"line":24,"column":2},"end":{"line":26,"column":null}},"15":{"start":{"line":29,"column":2},"end":{"line":31,"column":null}},"16":{"start":{"line":36,"column":2},"end":{"line":38,"column":null}},"17":{"start":{"line":43,"column":2},"end":{"line":48,"column":null}},"18":{"start":{"line":53,"column":2},"end":{"line":55,"column":null}},"19":{"start":{"line":20,"column":13},"end":{"line":56,"column":null}}},"fnMap":{"0":{"name":"(anonymous_4)","decl":{"start":{"line":21,"column":2},"end":{"line":21,"column":22}},"loc":{"start":{"line":21,"column":56},"end":{"line":21,"column":60}}},"1":{"name":"(anonymous_5)","decl":{"start":{"line":24,"column":2},"end":{"line":24,"column":9}},"loc":{"start":{"line":24,"column":9},"end":{"line":26,"column":3}}},"2":{"name":"(anonymous_6)","decl":{"start":{"line":29,"column":2},"end":{"line":29,"column":9}},"loc":{"start":{"line":29,"column":47},"end":{"line":31,"column":3}}},"3":{"name":"(anonymous_7)","decl":{"start":{"line":36,"column":2},"end":{"line":36,"column":8}},"loc":{"start":{"line":36,"column":39},"end":{"line":38,"column":3}}},"4":{"name":"(anonymous_8)","decl":{"start":{"line":43,"column":2},"end":{"line":43,"column":8}},"loc":{"start":{"line":45,"column":34},"end":{"line":48,"column":3}}},"5":{"name":"(anonymous_9)","decl":{"start":{"line":53,"column":2},"end":{"line":53,"column":8}},"loc":{"start":{"line":53,"column":46},"end":{"line":55,"column":3}}}},"branchMap":{"0":{"loc":{"start":{"line":36,"column":22},"end":{"line":36,"column":null}},"type":"cond-expr","locations":[{"start":{"line":36,"column":39},"end":{"line":36,"column":null}},{"start":{"line":36,"column":39},"end":{"line":36,"column":null}}]},"1":{"loc":{"start":{"line":36,"column":22},"end":{"line":36,"column":39}},"type":"binary-expr","locations":[{"start":{"line":36,"column":22},"end":{"line":36,"column":null}},{"start":{"line":36,"column":22},"end":{"line":36,"column":39}}]},"2":{"loc":{"start":{"line":45,"column":17},"end":{"line":45,"column":null}},"type":"cond-expr","locations":[{"start":{"line":45,"column":34},"end":{"line":45,"column":null}},{"start":{"line":45,"column":34},"end":{"line":45,"column":null}}]},"3":{"loc":{"start":{"line":45,"column":17},"end":{"line":45,"column":34}},"type":"binary-expr","locations":[{"start":{"line":45,"column":17},"end":{"line":45,"column":null}},{"start":{"line":45,"column":17},"end":{"line":45,"column":34}}]},"4":{"loc":{"start":{"line":21,"column":40},"end":{"line":21,"column":59}},"type":"cond-expr","locations":[{"start":{"line":21,"column":56},"end":{"line":21,"column":59}},{"start":{"line":21,"column":56},"end":{"line":21,"column":59}}]},"5":{"loc":{"start":{"line":21,"column":40},"end":{"line":21,"column":56}},"type":"binary-expr","locations":[{"start":{"line":21,"column":40},"end":{"line":21,"column":59}},{"start":{"line":21,"column":40},"end":{"line":21,"column":56}}]}},"s":{"0":1,"1":1,"2":1,"3":1,"4":1,"5":1,"6":1,"7":9,"8":2,"9":1,"10":2,"11":2,"12":1,"13":1,"14":1,"15":1,"16":1,"17":1,"18":1,"19":1},"f":{"0":9,"1":2,"2":1,"3":2,"4":2,"5":1},"b":{"0":[1,0],"1":[1,1],"2":[1,0],"3":[1,1],"4":[1,0],"5":[1,1]}}
,"/Users/minhbohung111/workspace/projects/staffEvaluation/staffEvaluation-api/src/questions/questions.module.ts": {"path":"/Users/minhbohung111/workspace/projects/staffEvaluation/staffEvaluation-api/src/questions/questions.module.ts","statementMap":{"0":{"start":{"line":1,"column":0},"end":{"line":1,"column":40}},"1":{"start":{"line":2,"column":0},"end":{"line":2,"column":55}},"2":{"start":{"line":3,"column":0},"end":{"line":3,"column":61}},"3":{"start":{"line":10,"column":7},"end":{"line":10,"column":null}},"4":{"start":{"line":10,"column":13},"end":{"line":10,"column":28}},"5":{"start":{"line":10,"column":13},"end":{"line":10,"column":null}}},"fnMap":{},"branchMap":{},"s":{"0":0,"1":0,"2":0,"3":0,"4":0,"5":0},"f":{},"b":{}}
,"/Users/minhbohung111/workspace/projects/staffEvaluation/staffEvaluation-api/src/questions/questions.service.ts": {"path":"/Users/minhbohung111/workspace/projects/staffEvaluation/staffEvaluation-api/src/questions/questions.service.ts","statementMap":{"0":{"start":{"line":1,"column":0},"end":{"line":1,"column":63}},"1":{"start":{"line":2,"column":0},"end":{"line":2,"column":57}},"2":{"start":{"line":6,"column":7},"end":{"line":55,"column":null}},"3":{"start":{"line":7,"column":22},"end":{"line":7,"column":30}},"4":{"start":{"line":10,"column":4},"end":{"line":12,"column":7}},"5":{"start":{"line":16,"column":21},"end":{"line":18,"column":6}},"6":{"start":{"line":20,"column":4},"end":{"line":22,"column":5}},"7":{"start":{"line":21,"column":6},"end":{"line":21,"column":70}},"8":{"start":{"line":24,"column":4},"end":{"line":24,"column":20}},"9":{"start":{"line":28,"column":4},"end":{"line":30,"column":7}},"10":{"start":{"line":34,"column":21},"end":{"line":34,"column":77}},"11":{"start":{"line":36,"column":4},"end":{"line":38,"column":5}},"12":{"start":{"line":37,"column":6},"end":{"line":37,"column":70}},"13":{"start":{"line":40,"column":4},"end":{"line":43,"column":7}},"14":{"start":{"line":47,"column":21},"end":{"line":47,"column":77}},"15":{"start":{"line":49,"column":4},"end":{"line":51,"column":5}},"16":{"start":{"line":50,"column":6},"end":{"line":50,"column":70}},"17":{"start":{"line":53,"column":4},"end":{"line":53,"column":58}},"18":{"start":{"line":6,"column":13},"end":{"line":6,"column":29}},"19":{"start":{"line":6,"column":13},"end":{"line":55,"column":null}}},"fnMap":{"0":{"name":"(anonymous_2)","decl":{"start":{"line":7,"column":2},"end":{"line":7,"column":22}},"loc":{"start":{"line":7,"column":43},"end":{"line":7,"column":47}}},"1":{"name":"(anonymous_3)","decl":{"start":{"line":9,"column":2},"end":{"line":9,"column":7}},"loc":{"start":{"line":9,"column":15},"end":{"line":13,"column":3}}},"2":{"name":"(anonymous_4)","decl":{"start":{"line":15,"column":2},"end":{"line":15,"column":7}},"loc":{"start":{"line":15,"column":26},"end":{"line":25,"column":3}}},"3":{"name":"(anonymous_5)","decl":{"start":{"line":27,"column":2},"end":{"line":27,"column":7}},"loc":{"start":{"line":27,"column":37},"end":{"line":31,"column":3}}},"4":{"name":"(anonymous_6)","decl":{"start":{"line":33,"column":2},"end":{"line":33,"column":7}},"loc":{"start":{"line":33,"column":49},"end":{"line":44,"column":3}}},"5":{"name":"(anonymous_7)","decl":{"start":{"line":46,"column":2},"end":{"line":46,"column":7}},"loc":{"start":{"line":46,"column":25},"end":{"line":54,"column":3}}}},"branchMap":{"0":{"loc":{"start":{"line":20,"column":4},"end":{"line":22,"column":5}},"type":"if","locations":[{"start":{"line":20,"column":4},"end":{"line":22,"column":5}},{"start":{},"end":{}}]},"1":{"loc":{"start":{"line":36,"column":4},"end":{"line":38,"column":5}},"type":"if","locations":[{"start":{"line":36,"column":4},"end":{"line":38,"column":5}},{"start":{},"end":{}}]},"2":{"loc":{"start":{"line":49,"column":4},"end":{"line":51,"column":5}},"type":"if","locations":[{"start":{"line":49,"column":4},"end":{"line":51,"column":5}},{"start":{},"end":{}}]},"3":{"loc":{"start":{"line":7,"column":30},"end":{"line":7,"column":46}},"type":"cond-expr","locations":[{"start":{"line":7,"column":43},"end":{"line":7,"column":46}},{"start":{"line":7,"column":43},"end":{"line":7,"column":46}}]},"4":{"loc":{"start":{"line":7,"column":30},"end":{"line":7,"column":43}},"type":"binary-expr","locations":[{"start":{"line":7,"column":30},"end":{"line":7,"column":46}},{"start":{"line":7,"column":30},"end":{"line":7,"column":43}}]}},"s":{"0":2,"1":2,"2":2,"3":11,"4":2,"5":3,"6":3,"7":2,"8":1,"9":2,"10":2,"11":2,"12":1,"13":1,"14":2,"15":2,"16":1,"17":1,"18":2,"19":2},"f":{"0":11,"1":2,"2":3,"3":2,"4":2,"5":2},"b":{"0":[2,1],"1":[1,1],"2":[1,1],"3":[2,0],"4":[2,2]}}
,"/Users/minhbohung111/workspace/projects/staffEvaluation/staffEvaluation-api/src/questions/dto/questions.dto.ts": {"path":"/Users/minhbohung111/workspace/projects/staffEvaluation/staffEvaluation-api/src/questions/dto/questions.dto.ts","statementMap":{"0":{"start":{"line":1,"column":0},"end":{"line":1,"column":55}},"1":{"start":{"line":3,"column":0},"end":{"line":3,"column":13}},"2":{"start":{"line":5,"column":2},"end":{"line":5,"column":null}},"3":{"start":{"line":9,"column":2},"end":{"line":9,"column":null}},"4":{"start":{"line":12,"column":0},"end":{"line":12,"column":13}}},"fnMap":{},"branchMap":{},"s":{"0":1,"1":1,"2":1,"3":1,"4":1},"f":{},"b":{}}
[...]
,"/Users/minhbohung111/workspace/projects/staffEvaluation/staffEvaluation-api/src/staff/staff.module.ts": {"path":"/Users/minhbohung111/workspace/projects/staffEvaluation/staffEvaluation-api/src/staff/staff.module.ts","statementMap":{"0":{"start":{"line":1,"column":0},"end":{"line":1,"column":40}},"1":{"start":{"line":2,"column":0},"end":{"line":2,"column":47}},"2":{"start":{"line":3,"column":0},"end":{"line":3,"column":53}},"3":{"start":{"line":10,"column":7},"end":{"line":10,"column":null}},"4":{"start":{"line":10,"column":13},"end":{"line":10,"column":24}},"5":{"start":{"line":10,"column":13},"end":{"line":10,"column":null}}},"fnMap":{},"branchMap":{},"s":{"0":0,"1":0,"2":0,"3":0,"4":0,"5":0},"f":{},"b":{}}
,"/Users/minhbohung111/workspace/projects/staffEvaluation/staffEvaluation-api/src/staff/staff.service.ts": {"path":"/Users/minhbohung111/workspace/projects/staffEvaluation/staffEvaluation-api/src/staff/staff.service.ts","statementMap":{"0":{"start":{"line":1,"column":0},"end":{"line":1,"column":83}},"1":{"start":{"line":2,"column":0},"end":{"line":2,"column":57}},"2":{"start":{"line":6,"column":7},"end":{"line":80,"column":null}},"3":{"start":{"line":7,"column":22},"end":{"line":7,"column":30}},"4":{"start":{"line":10,"column":4},"end":{"line":15,"column":7}},"5":{"start":{"line":19,"column":18},"end":{"line":29,"column":6}},"6":{"start":{"line":31,"column":4},"end":{"line":33,"column":5}},"7":{"start":{"line":32,"column":6},"end":{"line":32,"column":67}},"8":{"start":{"line":35,"column":4},"end":{"line":35,"column":17}},"9":{"start":{"line":39,"column":4},"end":{"line":44,"column":7}},"10":{"start":{"line":48,"column":18},"end":{"line":48,"column":71}},"11":{"start":{"line":50,"column":4},"end":{"line":52,"column":5}},"12":{"start":{"line":51,"column":6},"end":{"line":51,"column":67}},"13":{"start":{"line":55,"column":20},"end":{"line":55,"column":49}},"14":{"start":{"line":56,"column":25},"end":{"line":56,"column":44}},"15":{"start":{"line":58,"column":4},"end":{"line":60,"column":5}},"16":{"start":{"line":59,"column":6},"end":{"line":59,"column":75}},"17":{"start":{"line":62,"column":4},"end":{"line":68,"column":7}},"18":{"start":{"line":72,"column":18},"end":{"line":72,"column":71}},"19":{"start":{"line":74,"column":4},"end":{"line":76,"column":5}},"20":{"start":{"line":75,"column":6},"end":{"line":75,"column":67}},"21":{"start":{"line":78,"column":4},"end":{"line":78,"column":55}},"22":{"start":{"line":6,"column":13},"end":{"line":6,"column":25}},"23":{"start":{"line":6,"column":13},"end":{"line":80,"column":null}}},"fnMap":{"0":{"name":"(anonymous_2)","decl":{"start":{"line":7,"column":2},"end":{"line":7,"column":22}},"loc":{"start":{"line":7,"column":43},"end":{"line":7,"column":47}}},"1":{"name":"(anonymous_3)","decl":{"start":{"line":9,"column":2},"end":{"line":9,"column":7}},"loc":{"start":{"line":9,"column":15},"end":{"line":16,"column":3}}},"2":{"name":"(anonymous_4)","decl":{"start":{"line":18,"column":2},"end":{"line":18,"column":7}},"loc":{"start":{"line":18,"column":26},"end":{"line":36,"column":3}}},"3":{"name":"(anonymous_5)","decl":{"start":{"line":38,"column":2},"end":{"line":38,"column":7}},"loc":{"start":{"line":38,"column":34},"end":{"line":45,"column":3}}},"4":{"name":"(anonymous_6)","decl":{"start":{"line":47,"column":2},"end":{"line":47,"column":7}},"loc":{"start":{"line":47,"column":57},"end":{"line":69,"column":3}}},"5":{"name":"(anonymous_7)","decl":{"start":{"line":71,"column":2},"end":{"line":71,"column":7}},"loc":{"start":{"line":71,"column":25},"end":{"line":79,"column":3}}}},"branchMap":{"0":{"loc":{"start":{"line":31,"column":4},"end":{"line":33,"column":5}},"type":"if","locations":[{"start":{"line":31,"column":4},"end":{"line":33,"column":5}},{"start":{},"end":{}}]},"1":{"loc":{"start":{"line":50,"column":4},"end":{"line":52,"column":5}},"type":"if","locations":[{"start":{"line":50,"column":4},"end":{"line":52,"column":5}},{"start":{},"end":{}}]},"2":{"loc":{"start":{"line":58,"column":4},"end":{"line":60,"column":5}},"type":"if","locations":[{"start":{"line":58,"column":4},"end":{"line":60,"column":5}},{"start":{},"end":{}}]},"3":{"loc":{"start":{"line":58,"column":8},"end":{"line":58,"column":33}},"type":"binary-expr","locations":[{"start":{"line":58,"column":8},"end":{"line":58,"column":16}},{"start":{"line":58,"column":20},"end":{"line":58,"column":33}}]},"4":{"loc":{"start":{"line":74,"column":4},"end":{"line":76,"column":5}},"type":"if","locations":[{"start":{"line":74,"column":4},"end":{"line":76,"column":5}},{"start":{},"end":{}}]},"5":{"loc":{"start":{"line":7,"column":30},"end":{"line":7,"column":46}},"type":"cond-expr","locations":[{"start":{"line":7,"column":43},"end":{"line":7,"column":46}},{"start":{"line":7,"column":43},"end":{"line":7,"column":46}}]},"6":{"loc":{"start":{"line":7,"column":30},"end":{"line":7,"column":43}},"type":"binary-expr","locations":[{"start":{"line":7,"column":30},"end":{"line":7,"column":46}},{"start":{"line":7,"column":30},"end":{"line":7,"column":43}}]}},"s":{"0":2,"1":2,"2":2,"3":12,"4":2,"5":3,"6":3,"7":2,"8":1,"9":1,"10":4,"11":4,"12":1,"13":3,"14":3,"15":3,"16":1,"17":2,"18":2,"19":2,"20":1,"21":1,"22":2,"23":2},"f":{"0":12,"1":2,"2":3,"3":1,"4":4,"5":2},"b":{"0":[2,1],"1":[1,3],"2":[1,2],"3":[3,2],"4":[1,1],"5":[2,0],"6":[2,2]}}
,"/Users/minhbohung111/workspace/projects/staffEvaluation/staffEvaluation-api/src/staff/dto/staff.dto.ts": {"path":"/Users/minhbohung111/workspace/projects/staffEvaluation/staffEvaluation-api/src/staff/dto/staff.dto.ts","statementMap":{"0":{"start":{"line":1,"column":0},"end":{"line":1,"column":86}},"1":{"start":{"line":3,"column":0},"end":{"line":3,"column":13}},"2":{"start":{"line":6,"column":2},"end":{"line":6,"column":null}},"3":{"start":{"line":10,"column":2},"end":{"line":10,"column":null}},"4":{"start":{"line":14,"column":2},"end":{"line":14,"column":null}},"5":{"start":{"line":18,"column":2},"end":{"line":18,"column":null}},"6":{"start":{"line":22,"column":2},"end":{"line":22,"column":null}},"7":{"start":{"line":26,"column":2},"end":{"line":26,"column":null}},"8":{"start":{"line":30,"column":2},"end":{"line":30,"column":null}},"9":{"start":{"line":34,"column":2},"end":{"line":34,"column":null}},"10":{"start":{"line":38,"column":2},"end":{"line":38,"column":null}},"11":{"start":{"line":42,"column":2},"end":{"line":42,"column":null}},"12":{"start":{"line":46,"column":2},"end":{"line":46,"column":null}},"13":{"start":{"line":49,"column":0},"end":{"line":49,"column":13}}},"fnMap":{},"branchMap":{},"s":{"0":1,"1":1,"2":1,"3":1,"4":1,"5":1,"6":1,"7":1,"8":1,"9":1,"10":1,"11":1,"12":1,"13":1},"f":{},"b":{}}
,"/Users/minhbohung111/workspace/projects/staffEvaluation/staffEvaluation-api/src/users/users.controller.ts": {"path":"/Users/minhbohung111/workspace/projects/staffEvaluation/staffEvaluation-api/src/users/users.controller.ts","statementMap":{"0":{"start":{"line":1,"column":0},"end":{"line":1,"column":null}},"1":{"start":{"line":10,"column":0},"end":{"line":10,"column":47}},"2":{"start":{"line":11,"column":0},"end":{"line":11,"column":59}},"3":{"start":{"line":12,"column":0},"end":{"line":12,"column":63}},"4":{"start":{"line":13,"column":0},"end":{"line":13,"column":58}},"5":{"start":{"line":14,"column":0},"end":{"line":14,"column":61}},"6":{"start":{"line":15,"column":0},"end":{"line":15,"column":74}},"7":{"start":{"line":19,"column":7},"end":{"line":61,"column":null}},"8":{"start":{"line":20,"column":22},"end":{"line":20,"column":36}},"9":{"start":{"line":26,"column":4},"end":{"line":26,"column":43}},"10":{"start":{"line":31,"column":4},"end":{"line":31,"column":49}},"11":{"start":{"line":38,"column":4},"end":{"line":38,"column":44}},"12":{"start":{"line":45,"column":4},"end":{"line":45,"column":49}},"13":{"start":{"line":52,"column":4},"end":{"line":52,"column":50}},"14":{"start":{"line":59,"column":4},"end":{"line":59,"column":54}},"15":{"start":{"line":19,"column":13},"end":{"line":19,"column":28}},"16":{"start":{"line":25,"column":2},"end":{"line":27,"column":null}},"17":{"start":{"line":30,"column":2},"end":{"line":32,"column":null}},"18":{"start":{"line":37,"column":2},"end":{"line":39,"column":null}},"19":{"start":{"line":44,"column":2},"end":{"line":46,"column":null}},"20":{"start":{"line":51,"column":2},"end":{"line":53,"column":null}},"21":{"start":{"line":58,"column":2},"end":{"line":60,"column":null}},"22":{"start":{"line":19,"column":13},"end":{"line":61,"column":null}}},"fnMap":{"0":{"name":"(anonymous_4)","decl":{"start":{"line":20,"column":2},"end":{"line":20,"column":22}},"loc":{"start":{"line":20,"column":48},"end":{"line":20,"column":52}}},"1":{"name":"(anonymous_5)","decl":{"start":{"line":25,"column":2},"end":{"line":25,"column":13}},"loc":{"start":{"line":25,"column":13},"end":{"line":27,"column":3}}},"2":{"name":"(anonymous_6)","decl":{"start":{"line":30,"column":2},"end":{"line":30,"column":14}},"loc":{"start":{"line":30,"column":39},"end":{"line":32,"column":3}}},"3":{"name":"(anonymous_7)","decl":{"start":{"line":37,"column":2},"end":{"line":37,"column":11}},"loc":{"start":{"line":37,"column":37},"end":{"line":39,"column":3}}},"4":{"name":"(anonymous_8)","decl":{"start":{"line":44,"column":2},"end":{"line":44,"column":19}},"loc":{"start":{"line":44,"column":19},"end":{"line":46,"column":3}}},"5":{"name":"(anonymous_9)","decl":{"start":{"line":51,"column":2},"end":{"line":51,"column":9}},"loc":{"start":{"line":51,"column":66},"end":{"line":53,"column":3}}},"6":{"name":"(anonymous_10)","decl":{"start":{"line":58,"column":2},"end":{"line":58,"column":12}},"loc":{"start":{"line":58,"column":73},"end":{"line":60,"column":3}}}},"branchMap":{"0":{"loc":{"start":{"line":37,"column":25},"end":{"line":37,"column":null}},"type":"cond-expr","locations":[{"start":{"line":37,"column":37},"end":{"line":37,"column":null}},{"start":{"line":37,"column":37},"end":{"line":37,"column":null}}]},"1":{"loc":{"start":{"line":37,"column":25},"end":{"line":37,"column":37}},"type":"binary-expr","locations":[{"start":{"line":37,"column":25},"end":{"line":37,"column":null}},{"start":{"line":37,"column":25},"end":{"line":37,"column":37}}]},"2":{"loc":{"start":{"line":51,"column":56},"end":{"line":51,"column":null}},"type":"cond-expr","locations":[{"start":{"line":51,"column":66},"end":{"line":51,"column":null}},{"start":{"line":51,"column":66},"end":{"line":51,"column":null}}]},"3":{"loc":{"start":{"line":51,"column":56},"end":{"line":51,"column":66}},"type":"binary-expr","locations":[{"start":{"line":51,"column":56},"end":{"line":51,"column":null}},{"start":{"line":51,"column":56},"end":{"line":51,"column":66}}]},"4":{"loc":{"start":{"line":20,"column":36},"end":{"line":20,"column":51}},"type":"cond-expr","locations":[{"start":{"line":20,"column":48},"end":{"line":20,"column":51}},{"start":{"line":20,"column":48},"end":{"line":20,"column":51}}]},"5":{"loc":{"start":{"line":20,"column":36},"end":{"line":20,"column":48}},"type":"binary-expr","locations":[{"start":{"line":20,"column":36},"end":{"line":20,"column":51}},{"start":{"line":20,"column":36},"end":{"line":20,"column":48}}]}},"s":{"0":0,"1":0,"2":0,"3":0,"4":0,"5":0,"6":0,"7":0,"8":0,"9":0,"10":0,"11":0,"12":0,"13":0,"14":0,"15":0,"16":0,"17":0,"18":0,"19":0,"20":0,"21":0,"22":0},"f":{"0":0,"1":0,"2":0,"3":0,"4":0,"5":0,"6":0},"b":{"0":[0,0],"1":[0,0],"2":[0,0],"3":[0,0],"4":[0,0],"5":[0,0]}}
,"/Users/minhbohung111/workspace/projects/staffEvaluation/staffEvaluation-api/src/users/users.module.ts": {"path":"/Users/minhbohung111/workspace/projects/staffEvaluation/staffEvaluation-api/src/users/users.module.ts","statementMap":{"0":{"start":{"line":1,"column":0},"end":{"line":1,"column":40}},"1":{"start":{"line":2,"column":0},"end":{"line":2,"column":47}},"2":{"start":{"line":3,"column":0},"end":{"line":3,"column":53}},"3":{"start":{"line":10,"column":7},"end":{"line":10,"column":null}},"4":{"start":{"line":10,"column":13},"end":{"line":10,"column":24}},"5":{"start":{"line":10,"column":13},"end":{"line":10,"column":null}}},"fnMap":{},"branchMap":{},"s":{"0":0,"1":0,"2":0,"3":0,"4":0,"5":0},"f":{},"b":{}}
,"/Users/minhbohung111/workspace/projects/staffEvaluation/staffEvaluation-api/src/users/users.service.ts": {"path":"/Users/minhbohung111/workspace/projects/staffEvaluation/staffEvaluation-api/src/users/users.service.ts","statementMap":{"0":{"start":{"line":1,"column":0},"end":{"line":1,"column":82}},"1":{"start":{"line":2,"column":0},"end":{"line":2,"column":57}},"2":{"start":{"line":7,"column":7},"end":{"line":127,"column":null}},"3":{"start":{"line":8,"column":22},"end":{"line":8,"column":30}},"4":{"start":{"line":11,"column":4},"end":{"line":22,"column":7}},"5":{"start":{"line":26,"column":20},"end":{"line":31,"column":6}},"6":{"start":{"line":33,"column":4},"end":{"line":35,"column":5}},"7":{"start":{"line":34,"column":6},"end":{"line":34,"column":55}},"8":{"start":{"line":37,"column":4},"end":{"line":37,"column":19}},"9":{"start":{"line":41,"column":20},"end":{"line":43,"column":6}},"10":{"start":{"line":45,"column":4},"end":{"line":47,"column":5}},"11":{"start":{"line":46,"column":6},"end":{"line":46,"column":55}},"12":{"start":{"line":50,"column":25},"end":{"line":52,"column":6}},"13":{"start":{"line":54,"column":4},"end":{"line":56,"column":5}},"14":{"start":{"line":55,"column":6},"end":{"line":55,"column":80}},"15":{"start":{"line":58,"column":4},"end":{"line":64,"column":7}},"16":{"start":{"line":68,"column":4},"end":{"line":77,"column":7}},"17":{"start":{"line":81,"column":17},"end":{"line":81,"column":77}},"18":{"start":{"line":83,"column":4},"end":{"line":85,"column":5}},"19":{"start":{"line":84,"column":6},"end":{"line":84,"column":52}},"20":{"start":{"line":88,"column":25},"end":{"line":95,"column":6}},"21":{"start":{"line":97,"column":4},"end":{"line":99,"column":5}},"22":{"start":{"line":98,"column":6},"end":{"line":98,"column":64}},"23":{"start":{"line":101,"column":4},"end":{"line":106,"column":7}},"24":{"start":{"line":110,"column":21},"end":{"line":117,"column":6}},"25":{"start":{"line":119,"column":4},"end":{"line":121,"column":5}},"26":{"start":{"line":120,"column":6},"end":{"line":120,"column":66}},"27":{"start":{"line":123,"column":4},"end":{"line":125,"column":7}},"28":{"start":{"line":7,"column":13},"end":{"line":7,"column":25}},"29":{"start":{"line":7,"column":13},"end":{"line":127,"column":null}}},"fnMap":{"0":{"name":"(anonymous_2)","decl":{"start":{"line":8,"column":2},"end":{"line":8,"column":22}},"loc":{"start":{"line":8,"column":43},"end":{"line":8,"column":47}}},"1":{"name":"(anonymous_3)","decl":{"start":{"line":10,"column":2},"end":{"line":10,"column":7}},"loc":{"start":{"line":10,"column":19},"end":{"line":23,"column":3}}},"2":{"name":"(anonymous_4)","decl":{"start":{"line":25,"column":2},"end":{"line":25,"column":7}},"loc":{"start":{"line":25,"column":33},"end":{"line":38,"column":3}}},"3":{"name":"(anonymous_5)","decl":{"start":{"line":40,"column":2},"end":{"line":40,"column":7}},"loc":{"start":{"line":40,"column":35},"end":{"line":65,"column":3}}},"4":{"name":"(anonymous_6)","decl":{"start":{"line":67,"column":2},"end":{"line":67,"column":7}},"loc":{"start":{"line":67,"column":25},"end":{"line":78,"column":3}}},"5":{"name":"(anonymous_7)","decl":{"start":{"line":80,"column":2},"end":{"line":80,"column":7}},"loc":{"start":{"line":80,"column":47},"end":{"line":107,"column":3}}},"6":{"name":"(anonymous_8)","decl":{"start":{"line":109,"column":2},"end":{"line":109,"column":7}},"loc":{"start":{"line":109,"column":47},"end":{"line":126,"column":3}}}},"branchMap":{"0":{"loc":{"start":{"line":33,"column":4},"end":{"line":35,"column":5}},"type":"if","locations":[{"start":{"line":33,"column":4},"end":{"line":35,"column":5}},{"start":{},"end":{}}]},"1":{"loc":{"start":{"line":45,"column":4},"end":{"line":47,"column":5}},"type":"if","locations":[{"start":{"line":45,"column":4},"end":{"line":47,"column":5}},{"start":{},"end":{}}]},"2":{"loc":{"start":{"line":54,"column":4},"end":{"line":56,"column":5}},"type":"if","locations":[{"start":{"line":54,"column":4},"end":{"line":56,"column":5}},{"start":{},"end":{}}]},"3":{"loc":{"start":{"line":54,"column":8},"end":{"line":54,"column":57}},"type":"binary-expr","locations":[{"start":{"line":54,"column":8},"end":{"line":54,"column":20}},{"start":{"line":54,"column":24},"end":{"line":54,"column":57}}]},"4":{"loc":{"start":{"line":83,"column":4},"end":{"line":85,"column":5}},"type":"if","locations":[{"start":{"line":83,"column":4},"end":{"line":85,"column":5}},{"start":{},"end":{}}]},"5":{"loc":{"start":{"line":97,"column":4},"end":{"line":99,"column":5}},"type":"if","locations":[{"start":{"line":97,"column":4},"end":{"line":99,"column":5}},{"start":{},"end":{}}]},"6":{"loc":{"start":{"line":119,"column":4},"end":{"line":121,"column":5}},"type":"if","locations":[{"start":{"line":119,"column":4},"end":{"line":121,"column":5}},{"start":{},"end":{}}]},"7":{"loc":{"start":{"line":8,"column":30},"end":{"line":8,"column":46}},"type":"cond-expr","locations":[{"start":{"line":8,"column":43},"end":{"line":8,"column":46}},{"start":{"line":8,"column":43},"end":{"line":8,"column":46}}]},"8":{"loc":{"start":{"line":8,"column":30},"end":{"line":8,"column":43}},"type":"binary-expr","locations":[{"start":{"line":8,"column":30},"end":{"line":8,"column":46}},{"start":{"line":8,"column":30},"end":{"line":8,"column":43}}]}},"s":{"0":0,"1":0,"2":0,"3":0,"4":0,"5":0,"6":0,"7":0,"8":0,"9":0,"10":0,"11":0,"12":0,"13":0,"14":0,"15":0,"16":0,"17":0,"18":0,"19":0,"20":0,"21":0,"22":0,"23":0,"24":0,"25":0,"26":0,"27":0,"28":0,"29":0},"f":{"0":0,"1":0,"2":0,"3":0,"4":0,"5":0,"6":0},"b":{"0":[0,0],"1":[0,0],"2":[0,0],"3":[0,0],"4":[0,0],"5":[0,0],"6":[0,0],"7":[0,0],"8":[0,0]}}
,"/Users/minhbohung111/workspace/projects/staffEvaluation/staffEvaluation-api/src/users/dto/users.dto.ts": {"path":"/Users/minhbohung111/workspace/projects/staffEvaluation/staffEvaluation-api/src/users/dto/users.dto.ts","statementMap":{"0":{"start":{"line":1,"column":0},"end":{"line":1,"column":62}},"1":{"start":{"line":3,"column":0},"end":{"line":3,"column":13}},"2":{"start":{"line":5,"column":2},"end":{"line":5,"column":null}},"3":{"start":{"line":8,"column":2},"end":{"line":8,"column":null}},"4":{"start":{"line":11,"column":0},"end":{"line":11,"column":13}},"5":{"start":{"line":13,"column":2},"end":{"line":13,"column":null}}},"fnMap":{},"branchMap":{},"s":{"0":0,"1":0,"2":0,"3":0,"4":0,"5":0},"f":{},"b":{}}
}
