TN:
SF:src/app.module.ts
FNF:0
FNH:0
DA:1,0
DA:2,0
DA:3,0
DA:4,0
DA:5,0
DA:6,0
DA:7,0
DA:8,0
DA:9,0
DA:10,0
DA:11,0
DA:47,0
LF:12
LH:0
BRF:0
BRH:0
end_of_record
TN:
SF:src/main.ts
FN:6,bootstrap
FN:11,(anonymous_1)
FNF:2
FNH:0
FNDA:0,bootstrap
FNDA:0,(anonymous_1)
DA:1,0
DA:2,0
DA:3,0
DA:4,0
DA:7,0
DA:10,0
DA:11,0
DA:14,0
DA:20,0
DA:31,0
DA:38,0
DA:39,0
DA:41,0
DA:42,0
DA:43,0
DA:44,0
DA:46,0
LF:17
LH:0
BRDA:10,0,0,0
BRDA:10,0,1,0
BRDA:41,1,0,0
BRDA:41,1,1,0
BRF:4
BRH:0
end_of_record
TN:
SF:src/auth/auth.controller.ts
FN:12,(anonymous_4)
FN:17,(anonymous_5)
FN:24,(anonymous_6)
FN:30,(anonymous_7)
FN:36,(anonymous_8)
FNF:5
FNH:5
FNDA:8,(anonymous_4)
FNDA:1,(anonymous_5)
FNDA:2,(anonymous_6)
FNDA:2,(anonymous_7)
FNDA:2,(anonymous_8)
DA:1,1
DA:2,1
DA:3,1
DA:4,1
DA:5,1
DA:6,1
DA:7,1
DA:11,1
DA:12,8
DA:17,1
DA:18,1
DA:24,1
DA:25,2
DA:30,1
DA:31,2
DA:36,1
DA:37,2
LF:17
LH:17
BRDA:17,0,0,1
BRDA:17,0,1,0
BRDA:17,1,0,1
BRDA:17,1,1,1
BRDA:24,2,0,1
BRDA:24,2,1,0
BRDA:24,3,0,1
BRDA:24,3,1,1
BRDA:12,4,0,1
BRDA:12,4,1,0
BRDA:12,5,0,1
BRDA:12,5,1,1
BRF:12
BRH:9
end_of_record
TN:
SF:src/auth/auth.module.ts
FN:14,(anonymous_1)
FNF:1
FNH:0
FNDA:0,(anonymous_1)
DA:1,0
DA:2,0
DA:3,0
DA:4,0
DA:5,0
DA:6,0
DA:7,0
DA:14,0
DA:27,0
LF:9
LH:0
BRDA:15,0,0,0
BRDA:15,0,1,0
BRF:2
BRH:0
end_of_record
TN:
SF:src/auth/auth.service.ts
FN:20,(anonymous_11)
FN:25,(anonymous_12)
FN:56,(anonymous_13)
FN:77,(anonymous_14)
FN:93,(anonymous_15)
FN:110,(anonymous_16)
FN:111,(anonymous_17)
FN:115,(anonymous_18)
FN:120,(anonymous_19)
FN:129,(anonymous_20)
FN:130,(anonymous_21)
FNF:11
FNH:11
FNDA:12,(anonymous_11)
FNDA:3,(anonymous_12)
FNDA:5,(anonymous_13)
FNDA:2,(anonymous_14)
FNDA:4,(anonymous_15)
FNDA:4,(anonymous_16)
FNDA:3,(anonymous_17)
FNDA:3,(anonymous_18)
FNDA:3,(anonymous_19)
FNDA:3,(anonymous_20)
FNDA:3,(anonymous_21)
DA:1,2
DA:6,2
DA:7,2
DA:8,2
DA:19,2
DA:21,12
DA:22,12
DA:26,3
DA:30,3
DA:31,2
DA:34,1
DA:36,1
DA:53,1
DA:57,5
DA:65,5
DA:66,2
DA:69,3
DA:70,3
DA:71,2
DA:74,1
DA:78,2
DA:86,2
DA:87,1
DA:90,1
DA:94,4
DA:102,4
DA:103,1
DA:106,3
DA:110,4
DA:111,3
DA:116,3
DA:120,3
DA:123,3
DA:129,3
DA:130,3
LF:35
LH:35
BRDA:30,0,0,2
BRDA:30,0,1,1
BRDA:65,1,0,2
BRDA:65,1,1,3
BRDA:70,2,0,2
BRDA:70,2,1,1
BRDA:86,3,0,1
BRDA:86,3,1,1
BRDA:102,4,0,1
BRDA:102,4,1,3
BRDA:109,5,0,3
BRDA:109,5,1,1
BRDA:119,6,0,3
BRDA:119,6,1,1
BRDA:128,7,0,3
BRDA:128,7,1,1
BRDA:21,8,0,2
BRDA:21,8,1,0
BRDA:21,9,0,2
BRDA:21,9,1,2
BRDA:21,10,0,2
BRDA:21,10,1,0
BRDA:21,11,0,2
BRDA:21,11,1,2
BRF:24
BRH:22
end_of_record
TN:
SF:src/auth/dto/login.dto.ts
FNF:0
FNH:0
DA:1,1
DA:3,1
DA:5,1
DA:9,1
LF:4
LH:4
BRF:0
BRH:0
end_of_record
TN:
SF:src/auth/dto/register.dto.ts
FNF:0
FNH:0
DA:1,1
DA:3,1
DA:5,1
DA:12,1
LF:4
LH:4
BRF:0
BRH:0
end_of_record
TN:
SF:src/auth/strategies/jwt.strategy.ts
FN:16,(anonymous_2)
FN:30,(anonymous_3)
FN:47,(anonymous_4)
FNF:3
FNH:0
FNDA:0,(anonymous_2)
FNDA:0,(anonymous_3)
FNDA:0,(anonymous_4)
DA:1,0
DA:2,0
DA:3,0
DA:4,0
DA:5,0
DA:15,0
DA:17,0
DA:18,0
DA:20,0
DA:21,0
DA:22,0
DA:24,0
DA:31,0
DA:39,0
DA:40,0
DA:43,0
DA:47,0
LF:17
LH:0
BRDA:21,0,0,0
BRDA:21,0,1,0
BRDA:39,1,0,0
BRDA:39,1,1,0
BRDA:46,2,0,0
BRDA:46,2,1,0
BRDA:17,3,0,0
BRDA:17,3,1,0
BRDA:17,4,0,0
BRDA:17,4,1,0
BRDA:17,5,0,0
BRDA:17,5,1,0
BRDA:17,6,0,0
BRDA:17,6,1,0
BRF:14
BRH:0
end_of_record
TN:
SF:src/common/decorators/current-user.decorator.ts
FN:4,(anonymous_0)
FNF:1
FNH:0
FNDA:0,(anonymous_0)
DA:1,3
DA:3,3
DA:5,0
DA:6,0
LF:4
LH:2
BRF:0
BRH:0
end_of_record
TN:
SF:src/common/decorators/roles.decorator.ts
FN:4,(anonymous_0)
FNF:1
FNH:1
FNDA:11,(anonymous_0)
DA:1,4
DA:3,4
DA:4,11
LF:3
LH:3
BRF:0
BRH:0
end_of_record
TN:
SF:src/common/guards/jwt-auth.guard.ts
FN:6,(anonymous_1)
FNF:1
FNH:0
FNDA:0,(anonymous_1)
DA:1,5
DA:2,5
DA:5,5
DA:7,0
LF:4
LH:3
BRF:0
BRH:0
end_of_record
TN:
SF:src/common/guards/roles.guard.ts
FN:7,(anonymous_2)
FN:9,(anonymous_3)
FN:20,(anonymous_4)
FNF:3
FNH:1
FNDA:45,(anonymous_2)
FNDA:0,(anonymous_3)
FNDA:0,(anonymous_4)
DA:1,4
DA:2,4
DA:3,4
DA:6,4
DA:7,45
DA:10,0
DA:15,0
DA:16,0
DA:19,0
DA:20,0
LF:10
LH:5
BRDA:15,0,0,0
BRDA:15,0,1,0
BRDA:7,1,0,4
BRDA:7,1,1,0
BRDA:7,2,0,4
BRDA:7,2,1,4
BRF:6
BRH:3
end_of_record
TN:
SF:src/evaluations/evaluations.controller.ts
FN:22,(anonymous_4)
FN:27,(anonymous_5)
FN:40,(anonymous_6)
FN:51,(anonymous_7)
FN:56,(anonymous_8)
FN:66,(anonymous_9)
FN:71,(anonymous_10)
FNF:7
FNH:7
FNDA:16,(anonymous_4)
FNDA:5,(anonymous_5)
FNDA:2,(anonymous_6)
FNDA:2,(anonymous_7)
FNDA:2,(anonymous_8)
FNDA:1,(anonymous_9)
FNDA:3,(anonymous_10)
DA:1,1
DA:11,1
DA:12,1
DA:13,1
DA:14,1
DA:15,1
DA:16,1
DA:21,1
DA:22,16
DA:27,1
DA:32,5
DA:40,1
DA:44,2
DA:51,1
DA:52,2
DA:56,1
DA:60,2
DA:66,1
DA:67,1
DA:71,1
DA:72,3
LF:21
LH:21
BRDA:33,0,0,2
BRDA:33,0,1,3
BRDA:34,1,0,2
BRDA:34,1,1,3
BRDA:35,2,0,2
BRDA:35,2,1,3
BRDA:46,3,0,1
BRDA:46,3,1,1
BRDA:71,4,0,1
BRDA:71,4,1,0
BRDA:71,5,0,1
BRDA:71,5,1,1
BRDA:22,6,0,1
BRDA:22,6,1,0
BRDA:22,7,0,1
BRDA:22,7,1,1
BRF:16
BRH:14
end_of_record
TN:
SF:src/evaluations/evaluations.module.ts
FNF:0
FNH:0
DA:1,0
DA:2,0
DA:3,0
DA:10,0
LF:4
LH:0
BRF:0
BRH:0
end_of_record
TN:
SF:src/evaluations/evaluations.service.ts
FN:7,(anonymous_2)
FN:9,(anonymous_3)
FN:26,(anonymous_4)
FN:39,(anonymous_5)
FN:47,(anonymous_6)
FN:50,(anonymous_7)
FN:61,(anonymous_8)
FN:64,(anonymous_9)
FN:99,(anonymous_10)
FN:129,(anonymous_11)
FNF:10
FNH:10
FNDA:19,(anonymous_2)
FNDA:4,(anonymous_3)
FNDA:2,(anonymous_4)
FNDA:1,(anonymous_5)
FNDA:2,(anonymous_6)
FNDA:1,(anonymous_7)
FNDA:2,(anonymous_8)
FNDA:9,(anonymous_9)
FNDA:2,(anonymous_10)
FNDA:1,(anonymous_11)
DA:1,2
DA:2,2
DA:6,2
DA:7,19
DA:10,4
DA:11,4
DA:12,4
DA:13,4
DA:15,4
DA:27,2
DA:28,2
DA:30,2
DA:40,1
DA:47,2
DA:51,1
DA:61,2
DA:65,9
DA:66,1
DA:70,8
DA:71,1
DA:75,7
DA:78,7
DA:79,1
DA:83,6
DA:86,6
DA:87,1
DA:91,5
DA:92,6
DA:93,4
DA:98,1
DA:100,2
DA:101,2
DA:126,1
DA:130,1
LF:34
LH:34
BRDA:11,0,0,1
BRDA:11,0,1,3
BRDA:12,1,0,1
BRDA:12,1,1,3
BRDA:13,2,0,1
BRDA:13,2,1,3
BRDA:28,3,0,1
BRDA:28,3,1,1
BRDA:65,4,0,1
BRDA:65,4,1,8
BRDA:70,5,0,1
BRDA:70,5,1,7
BRDA:78,6,0,1
BRDA:78,6,1,6
BRDA:86,7,0,1
BRDA:86,7,1,5
BRDA:92,8,0,4
BRDA:92,8,1,2
BRDA:92,9,0,6
BRDA:92,9,1,5
BRDA:92,9,2,4
BRDA:92,9,3,2
BRDA:7,10,0,2
BRDA:7,10,1,0
BRDA:7,11,0,2
BRDA:7,11,1,2
BRF:26
BRH:25
end_of_record
TN:
SF:src/evaluations/dto/evaluations.dto.ts
FN:5,validateEvaluationPoints
FN:22,(anonymous_3)
FNF:2
FNH:0
FNDA:0,validateEvaluationPoints
FNDA:0,(anonymous_3)
DA:1,1
DA:2,1
DA:6,0
DA:7,0
DA:8,0
DA:11,0
DA:14,1
DA:16,1
DA:19,1
DA:24,0
DA:25,0
DA:26,0
DA:28,0
DA:30,1
DA:33,1
DA:36,1
DA:40,1
DA:44,1
LF:18
LH:10
BRDA:7,0,0,0
BRDA:7,0,1,0
BRDA:7,1,0,0
BRDA:7,1,1,0
BRDA:7,1,2,0
BRDA:7,1,3,0
BRDA:24,2,0,0
BRDA:24,2,1,0
BRDA:24,3,0,0
BRDA:24,3,1,0
BRDA:25,4,0,0
BRDA:25,4,1,0
BRDA:30,5,0,0
BRDA:30,5,1,1
BRDA:30,6,0,1
BRDA:30,6,1,0
BRF:16
BRH:2
end_of_record
TN:
SF:src/groups/groups.controller.ts
FN:22,(anonymous_4)
FN:25,(anonymous_5)
FN:30,(anonymous_6)
FN:35,(anonymous_7)
FN:42,(anonymous_8)
FN:49,(anonymous_9)
FN:56,(anonymous_10)
FN:66,(anonymous_11)
FNF:8
FNH:8
FNDA:13,(anonymous_4)
FNDA:2,(anonymous_5)
FNDA:1,(anonymous_6)
FNDA:2,(anonymous_7)
FNDA:2,(anonymous_8)
FNDA:2,(anonymous_9)
FNDA:2,(anonymous_10)
FNDA:1,(anonymous_11)
DA:1,1
DA:13,1
DA:14,1
DA:15,1
DA:16,1
DA:17,1
DA:21,1
DA:22,13
DA:25,1
DA:26,2
DA:30,1
DA:31,1
DA:35,1
DA:36,2
DA:42,1
DA:43,2
DA:49,1
DA:50,2
DA:56,1
DA:60,2
DA:66,1
DA:67,1
LF:22
LH:22
BRDA:42,0,0,1
BRDA:42,0,1,0
BRDA:42,1,0,1
BRDA:42,1,1,1
BRDA:49,2,0,1
BRDA:49,2,1,0
BRDA:49,3,0,1
BRDA:49,3,1,1
BRDA:58,4,0,1
BRDA:58,4,1,0
BRDA:58,5,0,1
BRDA:58,5,1,1
BRDA:22,6,0,1
BRDA:22,6,1,0
BRDA:22,7,0,1
BRDA:22,7,1,1
BRF:16
BRH:12
end_of_record
TN:
SF:src/groups/groups.module.ts
FNF:0
FNH:0
DA:1,0
DA:2,0
DA:3,0
DA:10,0
LF:4
LH:0
BRF:0
BRH:0
end_of_record
TN:
SF:src/groups/groups.service.ts
FN:7,(anonymous_2)
FN:9,(anonymous_3)
FN:18,(anonymous_4)
FN:38,(anonymous_5)
FN:54,(anonymous_6)
FN:57,(anonymous_7)
FN:66,(anonymous_8)
FN:82,(anonymous_9)
FN:97,(anonymous_10)
FN:107,(anonymous_11)
FNF:10
FNH:10
FNDA:16,(anonymous_2)
FNDA:2,(anonymous_3)
FNDA:3,(anonymous_4)
FNDA:4,(anonymous_5)
FNDA:5,(anonymous_6)
FNDA:2,(anonymous_7)
FNDA:2,(anonymous_8)
FNDA:3,(anonymous_9)
FNDA:3,(anonymous_10)
FNDA:2,(anonymous_11)
DA:1,2
DA:2,2
DA:6,2
DA:7,16
DA:10,2
DA:19,3
DA:31,3
DA:32,2
DA:35,1
DA:39,4
DA:50,4
DA:51,1
DA:54,5
DA:58,2
DA:67,2
DA:69,2
DA:70,1
DA:73,1
DA:83,3
DA:85,3
DA:86,1
DA:90,2
DA:95,2
DA:96,1
DA:97,3
DA:104,2
DA:108,2
DA:110,2
DA:111,1
DA:114,1
LF:30
LH:30
BRDA:31,0,0,2
BRDA:31,0,1,1
BRDA:50,1,0,1
BRDA:50,1,1,3
BRDA:69,2,0,1
BRDA:69,2,1,1
BRDA:85,3,0,1
BRDA:85,3,1,2
BRDA:95,4,0,1
BRDA:95,4,1,1
BRDA:110,5,0,1
BRDA:110,5,1,1
BRDA:7,6,0,2
BRDA:7,6,1,0
BRDA:7,7,0,2
BRDA:7,7,1,2
BRF:16
BRH:15
end_of_record
TN:
SF:src/groups/dto/groups.dto.ts
FNF:0
FNH:0
DA:1,1
DA:3,1
DA:5,1
DA:9,1
DA:12,1
DA:14,1
DA:17,1
LF:7
LH:7
BRF:0
BRH:0
end_of_record
TN:
SF:src/organization-units/organization-units.controller.ts
FN:21,(anonymous_4)
FN:24,(anonymous_5)
FN:29,(anonymous_6)
FN:36,(anonymous_7)
FN:43,(anonymous_8)
FN:53,(anonymous_9)
FNF:6
FNH:0
FNDA:0,(anonymous_4)
FNDA:0,(anonymous_5)
FNDA:0,(anonymous_6)
FNDA:0,(anonymous_7)
FNDA:0,(anonymous_8)
FNDA:0,(anonymous_9)
DA:1,0
DA:12,0
DA:13,0
DA:14,0
DA:15,0
DA:16,0
DA:20,0
DA:21,0
DA:24,0
DA:25,0
DA:29,0
DA:30,0
DA:36,0
DA:37,0
DA:43,0
DA:47,0
DA:53,0
DA:54,0
LF:18
LH:0
BRDA:36,0,0,0
BRDA:36,0,1,0
BRDA:36,1,0,0
BRDA:36,1,1,0
BRDA:45,2,0,0
BRDA:45,2,1,0
BRDA:45,3,0,0
BRDA:45,3,1,0
BRDA:21,4,0,0
BRDA:21,4,1,0
BRDA:21,5,0,0
BRDA:21,5,1,0
BRF:12
BRH:0
end_of_record
TN:
SF:src/organization-units/organization-units.module.ts
FNF:0
FNH:0
DA:1,0
DA:2,0
DA:3,0
DA:10,0
LF:4
LH:0
BRF:0
BRH:0
end_of_record
TN:
SF:src/organization-units/organization-units.service.ts
FN:7,(anonymous_2)
FN:9,(anonymous_3)
FN:15,(anonymous_4)
FN:27,(anonymous_5)
FN:33,(anonymous_6)
FN:46,(anonymous_7)
FNF:6
FNH:0
FNDA:0,(anonymous_2)
FNDA:0,(anonymous_3)
FNDA:0,(anonymous_4)
FNDA:0,(anonymous_5)
FNDA:0,(anonymous_6)
FNDA:0,(anonymous_7)
DA:1,0
DA:2,0
DA:6,0
DA:7,0
DA:10,0
DA:16,0
DA:20,0
DA:21,0
DA:24,0
DA:28,0
DA:34,0
DA:36,0
DA:37,0
DA:40,0
DA:47,0
DA:49,0
DA:50,0
DA:53,0
LF:18
LH:0
BRDA:20,0,0,0
BRDA:20,0,1,0
BRDA:36,1,0,0
BRDA:36,1,1,0
BRDA:49,2,0,0
BRDA:49,2,1,0
BRDA:7,3,0,0
BRDA:7,3,1,0
BRDA:7,4,0,0
BRDA:7,4,1,0
BRF:10
BRH:0
end_of_record
TN:
SF:src/organization-units/dto/organization-units.dto.ts
FNF:0
FNH:0
DA:1,0
DA:3,0
DA:5,0
DA:8,0
DA:11,0
DA:13,0
LF:6
LH:0
BRF:0
BRH:0
end_of_record
TN:
SF:src/prisma/prisma.module.ts
FNF:0
FNH:0
DA:1,0
DA:2,0
DA:9,0
LF:3
LH:0
BRF:0
BRH:0
end_of_record
TN:
SF:src/prisma/prisma.service.ts
FN:9,(anonymous_1)
FN:13,(anonymous_2)
FNF:2
FNH:0
FNDA:0,(anonymous_1)
FNDA:0,(anonymous_2)
DA:1,10
DA:2,10
DA:5,10
DA:10,0
DA:14,0
LF:5
LH:3
BRF:0
BRH:0
end_of_record
TN:
SF:src/questions/questions.controller.ts
FN:21,(anonymous_4)
FN:24,(anonymous_5)
FN:29,(anonymous_6)
FN:36,(anonymous_7)
FN:43,(anonymous_8)
FN:53,(anonymous_9)
FNF:6
FNH:6
FNDA:9,(anonymous_4)
FNDA:2,(anonymous_5)
FNDA:1,(anonymous_6)
FNDA:2,(anonymous_7)
FNDA:2,(anonymous_8)
FNDA:1,(anonymous_9)
DA:1,1
DA:12,1
DA:13,1
DA:14,1
DA:15,1
DA:16,1
DA:20,1
DA:21,9
DA:24,1
DA:25,2
DA:29,1
DA:30,1
DA:36,1
DA:37,2
DA:43,1
DA:47,2
DA:53,1
DA:54,1
LF:18
LH:18
BRDA:36,0,0,1
BRDA:36,0,1,0
BRDA:36,1,0,1
BRDA:36,1,1,1
BRDA:45,2,0,1
BRDA:45,2,1,0
BRDA:45,3,0,1
BRDA:45,3,1,1
BRDA:21,4,0,1
BRDA:21,4,1,0
BRDA:21,5,0,1
BRDA:21,5,1,1
BRF:12
BRH:9
end_of_record
TN:
SF:src/questions/questions.module.ts
FNF:0
FNH:0
DA:1,0
DA:2,0
DA:3,0
DA:10,0
LF:4
LH:0
BRF:0
BRH:0
end_of_record
TN:
SF:src/questions/questions.service.ts
FN:7,(anonymous_2)
FN:9,(anonymous_3)
FN:15,(anonymous_4)
FN:27,(anonymous_5)
FN:33,(anonymous_6)
FN:46,(anonymous_7)
FNF:6
FNH:6
FNDA:11,(anonymous_2)
FNDA:2,(anonymous_3)
FNDA:3,(anonymous_4)
FNDA:2,(anonymous_5)
FNDA:2,(anonymous_6)
FNDA:2,(anonymous_7)
DA:1,2
DA:2,2
DA:6,2
DA:7,11
DA:10,2
DA:16,3
DA:20,3
DA:21,2
DA:24,1
DA:28,2
DA:34,2
DA:36,2
DA:37,1
DA:40,1
DA:47,2
DA:49,2
DA:50,1
DA:53,1
LF:18
LH:18
BRDA:20,0,0,2
BRDA:20,0,1,1
BRDA:36,1,0,1
BRDA:36,1,1,1
BRDA:49,2,0,1
BRDA:49,2,1,1
BRDA:7,3,0,2
BRDA:7,3,1,0
BRDA:7,4,0,2
BRDA:7,4,1,2
BRF:10
BRH:9
end_of_record
TN:
SF:src/questions/dto/questions.dto.ts
FNF:0
FNH:0
DA:1,1
DA:3,1
DA:5,1
DA:9,1
DA:12,1
LF:5
LH:5
BRF:0
BRH:0
end_of_record
TN:
SF:src/staff/staff.controller.ts
FN:22,(anonymous_4)
FN:25,(anonymous_5)
FN:30,(anonymous_6)
FN:37,(anonymous_7)
FN:42,(anonymous_8)
FN:53,(anonymous_9)
FNF:6
FNH:6
FNDA:7,(anonymous_4)
FNDA:1,(anonymous_5)
FNDA:1,(anonymous_6)
FNDA:1,(anonymous_7)
FNDA:2,(anonymous_8)
FNDA:1,(anonymous_9)
DA:1,1
DA:12,1
DA:13,1
DA:14,1
DA:15,1
DA:16,1
DA:17,1
DA:21,1
DA:22,7
DA:25,1
DA:26,1
DA:30,1
DA:31,1
DA:37,1
DA:38,1
DA:42,1
DA:47,2
DA:53,1
DA:54,1
LF:19
LH:19
BRDA:37,0,0,1
BRDA:37,0,1,0
BRDA:37,1,0,1
BRDA:37,1,1,1
BRDA:44,2,0,1
BRDA:44,2,1,0
BRDA:44,3,0,1
BRDA:44,3,1,1
BRDA:22,4,0,1
BRDA:22,4,1,0
BRDA:22,5,0,1
BRDA:22,5,1,1
BRF:12
BRH:9
end_of_record
TN:
SF:src/staff/staff.module.ts
FNF:0
FNH:0
DA:1,0
DA:2,0
DA:3,0
DA:10,0
LF:4
LH:0
BRF:0
BRH:0
end_of_record
TN:
SF:src/staff/staff.service.ts
FN:7,(anonymous_2)
FN:9,(anonymous_3)
FN:18,(anonymous_4)
FN:38,(anonymous_5)
FN:47,(anonymous_6)
FN:71,(anonymous_7)
FNF:6
FNH:6
FNDA:12,(anonymous_2)
FNDA:2,(anonymous_3)
FNDA:3,(anonymous_4)
FNDA:1,(anonymous_5)
FNDA:4,(anonymous_6)
FNDA:2,(anonymous_7)
DA:1,2
DA:2,2
DA:6,2
DA:7,12
DA:10,2
DA:19,3
DA:31,3
DA:32,2
DA:35,1
DA:39,1
DA:48,4
DA:50,4
DA:51,1
DA:55,3
DA:56,3
DA:58,3
DA:59,1
DA:62,2
DA:72,2
DA:74,2
DA:75,1
DA:78,1
LF:22
LH:22
BRDA:31,0,0,2
BRDA:31,0,1,1
BRDA:50,1,0,1
BRDA:50,1,1,3
BRDA:58,2,0,1
BRDA:58,2,1,2
BRDA:58,3,0,3
BRDA:58,3,1,2
BRDA:74,4,0,1
BRDA:74,4,1,1
BRDA:7,5,0,2
BRDA:7,5,1,0
BRDA:7,6,0,2
BRDA:7,6,1,2
BRF:14
BRH:13
end_of_record
TN:
SF:src/staff/dto/staff.dto.ts
FNF:0
FNH:0
DA:1,1
DA:3,1
DA:6,1
DA:10,1
DA:14,1
DA:18,1
DA:22,1
DA:26,1
DA:30,1
DA:34,1
DA:38,1
DA:42,1
DA:46,1
DA:49,1
LF:14
LH:14
BRF:0
BRH:0
end_of_record
TN:
SF:src/users/users.controller.ts
FN:20,(anonymous_4)
FN:25,(anonymous_5)
FN:30,(anonymous_6)
FN:37,(anonymous_7)
FN:44,(anonymous_8)
FN:51,(anonymous_9)
FN:58,(anonymous_10)
FNF:7
FNH:0
FNDA:0,(anonymous_4)
FNDA:0,(anonymous_5)
FNDA:0,(anonymous_6)
FNDA:0,(anonymous_7)
FNDA:0,(anonymous_8)
FNDA:0,(anonymous_9)
FNDA:0,(anonymous_10)
DA:1,0
DA:10,0
DA:11,0
DA:12,0
DA:13,0
DA:14,0
DA:15,0
DA:19,0
DA:20,0
DA:25,0
DA:26,0
DA:30,0
DA:31,0
DA:37,0
DA:38,0
DA:44,0
DA:45,0
DA:51,0
DA:52,0
DA:58,0
DA:59,0
LF:21
LH:0
BRDA:37,0,0,0
BRDA:37,0,1,0
BRDA:37,1,0,0
BRDA:37,1,1,0
BRDA:51,2,0,0
BRDA:51,2,1,0
BRDA:51,3,0,0
BRDA:51,3,1,0
BRDA:20,4,0,0
BRDA:20,4,1,0
BRDA:20,5,0,0
BRDA:20,5,1,0
BRF:12
BRH:0
end_of_record
TN:
SF:src/users/users.module.ts
FNF:0
FNH:0
DA:1,0
DA:2,0
DA:3,0
DA:10,0
LF:4
LH:0
BRF:0
BRH:0
end_of_record
TN:
SF:src/users/users.service.ts
FN:8,(anonymous_2)
FN:10,(anonymous_3)
FN:25,(anonymous_4)
FN:40,(anonymous_5)
FN:67,(anonymous_6)
FN:80,(anonymous_7)
FN:109,(anonymous_8)
FNF:7
FNH:0
FNDA:0,(anonymous_2)
FNDA:0,(anonymous_3)
FNDA:0,(anonymous_4)
FNDA:0,(anonymous_5)
FNDA:0,(anonymous_6)
FNDA:0,(anonymous_7)
FNDA:0,(anonymous_8)
DA:1,0
DA:2,0
DA:7,0
DA:8,0
DA:11,0
DA:26,0
DA:33,0
DA:34,0
DA:37,0
DA:41,0
DA:45,0
DA:46,0
DA:50,0
DA:54,0
DA:55,0
DA:58,0
DA:68,0
DA:81,0
DA:83,0
DA:84,0
DA:88,0
DA:97,0
DA:98,0
DA:101,0
DA:110,0
DA:119,0
DA:120,0
DA:123,0
LF:28
LH:0
BRDA:33,0,0,0
BRDA:33,0,1,0
BRDA:45,1,0,0
BRDA:45,1,1,0
BRDA:54,2,0,0
BRDA:54,2,1,0
BRDA:54,3,0,0
BRDA:54,3,1,0
BRDA:83,4,0,0
BRDA:83,4,1,0
BRDA:97,5,0,0
BRDA:97,5,1,0
BRDA:119,6,0,0
BRDA:119,6,1,0
BRDA:8,7,0,0
BRDA:8,7,1,0
BRDA:8,8,0,0
BRDA:8,8,1,0
BRF:18
BRH:0
end_of_record
TN:
SF:src/users/dto/users.dto.ts
FNF:0
FNH:0
DA:1,0
DA:3,0
DA:5,0
DA:8,0
DA:11,0
DA:13,0
LF:6
LH:0
BRF:0
BRH:0
end_of_record
